 S 0010e250,1
 L 0010e128,8
 L 0010e210,8
 L 040392a0,8
 L 0010e218,8
 L 040393b0,8
 L 040396e0,2
 S 0403a0e0,2
 L 0010e210,8
 L 040392a0,8
 L 0010e218,8
 L 040393b8,8
 L 040396e2,2
 S 0403a130,2
 L 0010e210,8
 L 040392a0,8
 L 0010e218,8
 L 040393c0,8
 L 040396e4,2
 S 0403a180,2
 L 0010e210,8
 L 040392a0,8
 L 0010e218,8
 L 040393c8,8
 L 040396e6,2
 S 0403a1d0,2
 L 0010e210,8
 L 040392a0,8
 L 0010e218,8
 L 040393d0,8
 L 040396e8,2
 S 0403a220,2
 L 0010e210,8
 L 040392a0,8
 L 0010e218,8
 L 040393d8,8
 L 040396ea,2
 S 0403a270,2
 L 0010e210,8
 L 040392a0,8
 L 0010e218,8
 L 040393e0,8
 L 040396ec,2
 S 0403a2c0,2
 L 0010e210,8
 L 040392a0,8
 L 0010e218,8
 L 040393e8,8
 L 040396ee,2
 S 0403a310,2
 L 0010e210,8
 L 040392a0,8
 L 0010e218,8
 L 040393f0,8
 L 040396f0,2
 S 0403a360,2
 L 0010e210,8
 L 040392a0,8
 L 0010e218,8
 L 040393f8,8
 L 040396f2,2
 S 0403a3b0,2
 L 0010e210,8
 L 040392a0,8
 L 0010e218,8
 L 04039400,8
 L 040396f4,2
 S 0403a400,2
 L 0010e210,8
 L 040392a0,8
 L 0010e218,8
 L 04039408,8
 L 040396f6,2
 S 0403a450,2
 L 0010e210,8
 L 040392a0,8
 L 0010e218,8
 L 04039410,8
 L 040396f8,2
 S 0403a4a0,2
 L 0010e210,8
 L 040392a0,8
 L 0010e218,8
 L 04039418,8
 L 040396fa,2
 S 0403a4f0,2
 L 0010e210,8
 L 040392a0,8
 L 0010e218,8
 L 04039420,8
 L 040396fc,2
 S 0403a540,2
 L 0010e210,8
 L 040392a0,8
 L 0010e218,8
 L 04039428,8
 L 040396fe,2
 S 0403a590,2
 L 0010e210,8
 L 040392a0,8
 L 0010e218,8
 L 04039430,8
 L 04039700,2
 S 0403a5e0,2
 L 0010e210,8
 L 040392a0,8
 L 0010e218,8
 L 04039438,8
 L 04039702,2
 S 0403a630,2
 L 0010e210,8
 L 040392a0,8
 L 0010e218,8
 L 04039440,8
 L 04039704,2
 S 0403a680,2
 L 0010e210,8
 L 040392a0,8
 L 0010e218,8
 L 04039448,8
 L 04039706,2
 S 0403a6d0,2
 L 0010e210,8
 L 040392a0,8
 L 0010e218,8
 L 04039450,8
 L 04039708,2
 S 0403a720,2
 L 0010e210,8
 L 040392a0,8
 L 0010e218,8
 L 04039458,8
 L 0403970a,2
 S 0403a770,2
 L 0010e210,8
 L 040392a0,8
 L 0010e218,8
 L 04039460,8
 L 0403970c,2
 S 0403a7c0,2
 L 0010e210,8
 L 040392a0,8
 L 0010e218,8
 L 04039468,8
 L 0403970e,2
 S 0403a810,2
 L 0010e210,8
 L 040392a0,8
 L 0010e218,8
 L 04039470,8
 L 04039710,2
 S 0403a860,2
 L 0010e210,8
 L 040392a0,8
 L 0010e218,8
 L 04039478,8
 L 04039712,2
 S 0403a8b0,2
 L 0010e210,8
 L 040392a0,8
 L 0010e218,8
 L 04039480,8
 L 04039714,2
 S 0403a900,2
 L 0010e210,8
 L 040392a0,8
 L 0010e218,8
 L 04039488,8
 L 04039716,2
 S 0403a950,2
 L 0010e210,8
 L 040392a0,8
 L 0010e218,8
 L 04039490,8
 L 04039718,2
 S 0403a9a0,2
 L 0010e210,8
 L 040392a0,8
 L 0010e218,8
 L 04039498,8
 L 0403971a,2
 S 0403a9f0,2
 L 0010e210,8
 L 040392a0,8
 L 0010e218,8
 L 040394a0,8
 L 0403971c,2
 S 0403aa40,2
 L 0010e210,8
 L 040392a0,8
 L 0010e218,8
 L 040394a8,8
 L 0403971e,2
 S 0403aa90,2
 L 0010e210,8
 L 040392a8,8
 L 0010e218,8
 L 040393b0,8
 L 04039730,2
 S 0403a0e2,2
 L 0010e210,8
 L 040392a8,8
 L 0010e218,8
 L 040393b8,8
 L 04039732,2
 S 0403a132,2
 L 0010e210,8
 L 040392a8,8
 L 0010e218,8
 L 040393c0,8
 L 04039734,2
 S 0403a182,2
 L 0010e210,8
 L 040392a8,8
 L 0010e218,8
 L 040393c8,8
 L 04039736,2
 S 0403a1d2,2
 L 0010e210,8
 L 040392a8,8
 L 0010e218,8
 L 040393d0,8
 L 04039738,2
 S 0403a222,2
 L 0010e210,8
 L 040392a8,8
 L 0010e218,8
 L 040393d8,8
 L 0403973a,2
 S 0403a272,2
 L 0010e210,8
 L 040392a8,8
 L 0010e218,8
 L 040393e0,8
 L 0403973c,2
 S 0403a2c2,2
 L 0010e210,8
 L 040392a8,8
 L 0010e218,8
 L 040393e8,8
 L 0403973e,2
 S 0403a312,2
 L 0010e210,8
 L 040392a8,8
 L 0010e218,8
 L 040393f0,8
 L 04039740,2
 S 0403a362,2
 L 0010e210,8
 L 040392a8,8
 L 0010e218,8
 L 040393f8,8
 L 04039742,2
 S 0403a3b2,2
 L 0010e210,8
 L 040392a8,8
 L 0010e218,8
 L 04039400,8
 L 04039744,2
 S 0403a402,2
 L 0010e210,8
 L 040392a8,8
 L 0010e218,8
 L 04039408,8
 L 04039746,2
 S 0403a452,2
 L 0010e210,8
 L 040392a8,8
 L 0010e218,8
 L 04039410,8
 L 04039748,2
 S 0403a4a2,2
 L 0010e210,8
 L 040392a8,8
 L 0010e218,8
 L 04039418,8
 L 0403974a,2
 S 0403a4f2,2
 L 0010e210,8
 L 040392a8,8
 L 0010e218,8
 L 04039420,8
 L 0403974c,2
 S 0403a542,2
 L 0010e210,8
 L 040392a8,8
 L 0010e218,8
 L 04039428,8
 L 0403974e,2
 S 0403a592,2
 L 0010e210,8
 L 040392a8,8
 L 0010e218,8
 L 04039430,8
 L 04039750,2
 S 0403a5e2,2
 L 0010e210,8
 L 040392a8,8
 L 0010e218,8
 L 04039438,8
 L 04039752,2
 S 0403a632,2
 L 0010e210,8
 L 040392a8,8
 L 0010e218,8
 L 04039440,8
 L 04039754,2
 S 0403a682,2
 L 0010e210,8
 L 040392a8,8
 L 0010e218,8
 L 04039448,8
 L 04039756,2
 S 0403a6d2,2
 L 0010e210,8
 L 040392a8,8
 L 0010e218,8
 L 04039450,8
 L 04039758,2
 S 0403a722,2
 L 0010e210,8
 L 040392a8,8
 L 0010e218,8
 L 04039458,8
 L 0403975a,2
 S 0403a772,2
 L 0010e210,8
 L 040392a8,8
 L 0010e218,8
 L 04039460,8
 L 0403975c,2
 S 0403a7c2,2
 L 0010e210,8
 L 040392a8,8
 L 0010e218,8
 L 04039468,8
 L 0403975e,2
 S 0403a812,2
 L 0010e210,8
 L 040392a8,8
 L 0010e218,8
 L 04039470,8
 L 04039760,2
 S 0403a862,2
 L 0010e210,8
 L 040392a8,8
 L 0010e218,8
 L 04039478,8
 L 04039762,2
 S 0403a8b2,2
 L 0010e210,8
 L 040392a8,8
 L 0010e218,8
 L 04039480,8
 L 04039764,2
 S 0403a902,2
 L 0010e210,8
 L 040392a8,8
 L 0010e218,8
 L 04039488,8
 L 04039766,2
 S 0403a952,2
 L 0010e210,8
 L 040392a8,8
 L 0010e218,8
 L 04039490,8
 L 04039768,2
 S 0403a9a2,2
 L 0010e210,8
 L 040392a8,8
 L 0010e218,8
 L 04039498,8
 L 0403976a,2
 S 0403a9f2,2
 L 0010e210,8
 L 040392a8,8
 L 0010e218,8
 L 040394a0,8
 L 0403976c,2
 S 0403aa42,2
 L 0010e210,8
 L 040392a8,8
 L 0010e218,8
 L 040394a8,8
 L 0403976e,2
 S 0403aa92,2
 L 0010e210,8
 L 040392b0,8
 L 0010e218,8
 L 040393b0,8
 L 04039780,2
 S 0403a0e4,2
 L 0010e210,8
 L 040392b0,8
 L 0010e218,8
 L 040393b8,8
 L 04039782,2
 S 0403a134,2
 L 0010e210,8
 L 040392b0,8
 L 0010e218,8
 L 040393c0,8
 L 04039784,2
 S 0403a184,2
 L 0010e210,8
 L 040392b0,8
 L 0010e218,8
 L 040393c8,8
 L 04039786,2
 S 0403a1d4,2
 L 0010e210,8
 L 040392b0,8
 L 0010e218,8
 L 040393d0,8
 L 04039788,2
 S 0403a224,2
 L 0010e210,8
 L 040392b0,8
 L 0010e218,8
 L 040393d8,8
 L 0403978a,2
 S 0403a274,2
 L 0010e210,8
 L 040392b0,8
 L 0010e218,8
 L 040393e0,8
 L 0403978c,2
 S 0403a2c4,2
 L 0010e210,8
 L 040392b0,8
 L 0010e218,8
 L 040393e8,8
 L 0403978e,2
 S 0403a314,2
 L 0010e210,8
 L 040392b0,8
 L 0010e218,8
 L 040393f0,8
 L 04039790,2
 S 0403a364,2
 L 0010e210,8
 L 040392b0,8
 L 0010e218,8
 L 040393f8,8
 L 04039792,2
 S 0403a3b4,2
 L 0010e210,8
 L 040392b0,8
 L 0010e218,8
 L 04039400,8
 L 04039794,2
 S 0403a404,2
 L 0010e210,8
 L 040392b0,8
 L 0010e218,8
 L 04039408,8
 L 04039796,2
 S 0403a454,2
 L 0010e210,8
 L 040392b0,8
 L 0010e218,8
 L 04039410,8
 L 04039798,2
 S 0403a4a4,2
 L 0010e210,8
 L 040392b0,8
 L 0010e218,8
 L 04039418,8
 L 0403979a,2
 S 0403a4f4,2
 L 0010e210,8
 L 040392b0,8
 L 0010e218,8
 L 04039420,8
 L 0403979c,2
 S 0403a544,2
 L 0010e210,8
 L 040392b0,8
 L 0010e218,8
 L 04039428,8
 L 0403979e,2
 S 0403a594,2
 L 0010e210,8
 L 040392b0,8
 L 0010e218,8
 L 04039430,8
 L 040397a0,2
 S 0403a5e4,2
 L 0010e210,8
 L 040392b0,8
 L 0010e218,8
 L 04039438,8
 L 040397a2,2
 S 0403a634,2
 L 0010e210,8
 L 040392b0,8
 L 0010e218,8
 L 04039440,8
 L 040397a4,2
 S 0403a684,2
 L 0010e210,8
 L 040392b0,8
 L 0010e218,8
 L 04039448,8
 L 040397a6,2
 S 0403a6d4,2
 L 0010e210,8
 L 040392b0,8
 L 0010e218,8
 L 04039450,8
 L 040397a8,2
 S 0403a724,2
 L 0010e210,8
 L 040392b0,8
 L 0010e218,8
 L 04039458,8
 L 040397aa,2
 S 0403a774,2
 L 0010e210,8
 L 040392b0,8
 L 0010e218,8
 L 04039460,8
 L 040397ac,2
 S 0403a7c4,2
 L 0010e210,8
 L 040392b0,8
 L 0010e218,8
 L 04039468,8
 L 040397ae,2
 S 0403a814,2
 L 0010e210,8
 L 040392b0,8
 L 0010e218,8
 L 04039470,8
 L 040397b0,2
 S 0403a864,2
 L 0010e210,8
 L 040392b0,8
 L 0010e218,8
 L 04039478,8
 L 040397b2,2
 S 0403a8b4,2
 L 0010e210,8
 L 040392b0,8
 L 0010e218,8
 L 04039480,8
 L 040397b4,2
 S 0403a904,2
 L 0010e210,8
 L 040392b0,8
 L 0010e218,8
 L 04039488,8
 L 040397b6,2
 S 0403a954,2
 L 0010e210,8
 L 040392b0,8
 L 0010e218,8
 L 04039490,8
 L 040397b8,2
 S 0403a9a4,2
 L 0010e210,8
 L 040392b0,8
 L 0010e218,8
 L 04039498,8
 L 040397ba,2
 S 0403a9f4,2
 L 0010e210,8
 L 040392b0,8
 L 0010e218,8
 L 040394a0,8
 L 040397bc,2
 S 0403aa44,2
 L 0010e210,8
 L 040392b0,8
 L 0010e218,8
 L 040394a8,8
 L 040397be,2
 S 0403aa94,2
 L 0010e210,8
 L 040392b8,8
 L 0010e218,8
 L 040393b0,8
 L 040397d0,2
 S 0403a0e6,2
 L 0010e210,8
 L 040392b8,8
 L 0010e218,8
 L 040393b8,8
 L 040397d2,2
 S 0403a136,2
 L 0010e210,8
 L 040392b8,8
 L 0010e218,8
 L 040393c0,8
 L 040397d4,2
 S 0403a186,2
 L 0010e210,8
 L 040392b8,8
 L 0010e218,8
 L 040393c8,8
 L 040397d6,2
 S 0403a1d6,2
 L 0010e210,8
 L 040392b8,8
 L 0010e218,8
 L 040393d0,8
 L 040397d8,2
 S 0403a226,2
 L 0010e210,8
 L 040392b8,8
 L 0010e218,8
 L 040393d8,8
 L 040397da,2
 S 0403a276,2
 L 0010e210,8
 L 040392b8,8
 L 0010e218,8
 L 040393e0,8
 L 040397dc,2
 S 0403a2c6,2
 L 0010e210,8
 L 040392b8,8
 L 0010e218,8
 L 040393e8,8
 L 040397de,2
 S 0403a316,2
 L 0010e210,8
 L 040392b8,8
 L 0010e218,8
 L 040393f0,8
 L 040397e0,2
 S 0403a366,2
 L 0010e210,8
 L 040392b8,8
 L 0010e218,8
 L 040393f8,8
 L 040397e2,2
 S 0403a3b6,2
 L 0010e210,8
 L 040392b8,8
 L 0010e218,8
 L 04039400,8
 L 040397e4,2
 S 0403a406,2
 L 0010e210,8
 L 040392b8,8
 L 0010e218,8
 L 04039408,8
 L 040397e6,2
 S 0403a456,2
 L 0010e210,8
 L 040392b8,8
 L 0010e218,8
 L 04039410,8
 L 040397e8,2
 S 0403a4a6,2
 L 0010e210,8
 L 040392b8,8
 L 0010e218,8
 L 04039418,8
 L 040397ea,2
 S 0403a4f6,2
 L 0010e210,8
 L 040392b8,8
 L 0010e218,8
 L 04039420,8
 L 040397ec,2
 S 0403a546,2
 L 0010e210,8
 L 040392b8,8
 L 0010e218,8
 L 04039428,8
 L 040397ee,2
 S 0403a596,2
 L 0010e210,8
 L 040392b8,8
 L 0010e218,8
 L 04039430,8
 L 040397f0,2
 S 0403a5e6,2
 L 0010e210,8
 L 040392b8,8
 L 0010e218,8
 L 04039438,8
 L 040397f2,2
 S 0403a636,2
 L 0010e210,8
 L 040392b8,8
 L 0010e218,8
 L 04039440,8
 L 040397f4,2
 S 0403a686,2
 L 0010e210,8
 L 040392b8,8
 L 0010e218,8
 L 04039448,8
 L 040397f6,2
 S 0403a6d6,2
 L 0010e210,8
 L 040392b8,8
 L 0010e218,8
 L 04039450,8
 L 040397f8,2
 S 0403a726,2
 L 0010e210,8
 L 040392b8,8
 L 0010e218,8
 L 04039458,8
 L 040397fa,2
 S 0403a776,2
 L 0010e210,8
 L 040392b8,8
 L 0010e218,8
 L 04039460,8
 L 040397fc,2
 S 0403a7c6,2
 L 0010e210,8
 L 040392b8,8
 L 0010e218,8
 L 04039468,8
 L 040397fe,2
 S 0403a816,2
 L 0010e210,8
 L 040392b8,8
 L 0010e218,8
 L 04039470,8
 L 04039800,2
 S 0403a866,2
 L 0010e210,8
 L 040392b8,8
 L 0010e218,8
 L 04039478,8
 L 04039802,2
 S 0403a8b6,2
 L 0010e210,8
 L 040392b8,8
 L 0010e218,8
 L 04039480,8
 L 04039804,2
 S 0403a906,2
 L 0010e210,8
 L 040392b8,8
 L 0010e218,8
 L 04039488,8
 L 04039806,2
 S 0403a956,2
 L 0010e210,8
 L 040392b8,8
 L 0010e218,8
 L 04039490,8
 L 04039808,2
 S 0403a9a6,2
 L 0010e210,8
 L 040392b8,8
 L 0010e218,8
 L 04039498,8
 L 0403980a,2
 S 0403a9f6,2
 L 0010e210,8
 L 040392b8,8
 L 0010e218,8
 L 040394a0,8
 L 0403980c,2
 S 0403aa46,2
 L 0010e210,8
 L 040392b8,8
 L 0010e218,8
 L 040394a8,8
 L 0403980e,2
 S 0403aa96,2
 L 0010e210,8
 L 040392c0,8
 L 0010e218,8
 L 040393b0,8
 L 04039820,2
 S 0403a0e8,2
 L 0010e210,8
 L 040392c0,8
 L 0010e218,8
 L 040393b8,8
 L 04039822,2
 S 0403a138,2
 L 0010e210,8
 L 040392c0,8
 L 0010e218,8
 L 040393c0,8
 L 04039824,2
 S 0403a188,2
 L 0010e210,8
 L 040392c0,8
 L 0010e218,8
 L 040393c8,8
 L 04039826,2
 S 0403a1d8,2
 L 0010e210,8
 L 040392c0,8
 L 0010e218,8
 L 040393d0,8
 L 04039828,2
 S 0403a228,2
 L 0010e210,8
 L 040392c0,8
 L 0010e218,8
 L 040393d8,8
 L 0403982a,2
 S 0403a278,2
 L 0010e210,8
 L 040392c0,8
 L 0010e218,8
 L 040393e0,8
 L 0403982c,2
 S 0403a2c8,2
 L 0010e210,8
 L 040392c0,8
 L 0010e218,8
 L 040393e8,8
 L 0403982e,2
 S 0403a318,2
 L 0010e210,8
 L 040392c0,8
 L 0010e218,8
 L 040393f0,8
 L 04039830,2
 S 0403a368,2
 L 0010e210,8
 L 040392c0,8
 L 0010e218,8
 L 040393f8,8
 L 04039832,2
 S 0403a3b8,2
 L 0010e210,8
 L 040392c0,8
 L 0010e218,8
 L 04039400,8
 L 04039834,2
 S 0403a408,2
 L 0010e210,8
 L 040392c0,8
 L 0010e218,8
 L 04039408,8
 L 04039836,2
 S 0403a458,2
 L 0010e210,8
 L 040392c0,8
 L 0010e218,8
 L 04039410,8
 L 04039838,2
 S 0403a4a8,2
 L 0010e210,8
 L 040392c0,8
 L 0010e218,8
 L 04039418,8
 L 0403983a,2
 S 0403a4f8,2
 L 0010e210,8
 L 040392c0,8
 L 0010e218,8
 L 04039420,8
 L 0403983c,2
 S 0403a548,2
 L 0010e210,8
 L 040392c0,8
 L 0010e218,8
 L 04039428,8
 L 0403983e,2
 S 0403a598,2
 L 0010e210,8
 L 040392c0,8
 L 0010e218,8
 L 04039430,8
 L 04039840,2
 S 0403a5e8,2
 L 0010e210,8
 L 040392c0,8
 L 0010e218,8
 L 04039438,8
 L 04039842,2
 S 0403a638,2
 L 0010e210,8
 L 040392c0,8
 L 0010e218,8
 L 04039440,8
 L 04039844,2
 S 0403a688,2
 L 0010e210,8
 L 040392c0,8
 L 0010e218,8
 L 04039448,8
 L 04039846,2
 S 0403a6d8,2
 L 0010e210,8
 L 040392c0,8
 L 0010e218,8
 L 04039450,8
 L 04039848,2
 S 0403a728,2
 L 0010e210,8
 L 040392c0,8
 L 0010e218,8
 L 04039458,8
 L 0403984a,2
 S 0403a778,2
 L 0010e210,8
 L 040392c0,8
 L 0010e218,8
 L 04039460,8
 L 0403984c,2
 S 0403a7c8,2
 L 0010e210,8
 L 040392c0,8
 L 0010e218,8
 L 04039468,8
 L 0403984e,2
 S 0403a818,2
 L 0010e210,8
 L 040392c0,8
 L 0010e218,8
 L 04039470,8
 L 04039850,2
 S 0403a868,2
 L 0010e210,8
 L 040392c0,8
 L 0010e218,8
 L 04039478,8
 L 04039852,2
 S 0403a8b8,2
 L 0010e210,8
 L 040392c0,8
 L 0010e218,8
 L 04039480,8
 L 04039854,2
 S 0403a908,2
 L 0010e210,8
 L 040392c0,8
 L 0010e218,8
 L 04039488,8
 L 04039856,2
 S 0403a958,2
 L 0010e210,8
 L 040392c0,8
 L 0010e218,8
 L 04039490,8
 L 04039858,2
 S 0403a9a8,2
 L 0010e210,8
 L 040392c0,8
 L 0010e218,8
 L 04039498,8
 L 0403985a,2
 S 0403a9f8,2
 L 0010e210,8
 L 040392c0,8
 L 0010e218,8
 L 040394a0,8
 L 0403985c,2
 S 0403aa48,2
 L 0010e210,8
 L 040392c0,8
 L 0010e218,8
 L 040394a8,8
 L 0403985e,2
 S 0403aa98,2
 L 0010e210,8
 L 040392c8,8
 L 0010e218,8
 L 040393b0,8
 L 04039870,2
 S 0403a0ea,2
 L 0010e210,8
 L 040392c8,8
 L 0010e218,8
 L 040393b8,8
 L 04039872,2
 S 0403a13a,2
 L 0010e210,8
 L 040392c8,8
 L 0010e218,8
 L 040393c0,8
 L 04039874,2
 S 0403a18a,2
 L 0010e210,8
 L 040392c8,8
 L 0010e218,8
 L 040393c8,8
 L 04039876,2
 S 0403a1da,2
 L 0010e210,8
 L 040392c8,8
 L 0010e218,8
 L 040393d0,8
 L 04039878,2
 S 0403a22a,2
 L 0010e210,8
 L 040392c8,8
 L 0010e218,8
 L 040393d8,8
 L 0403987a,2
 S 0403a27a,2
 L 0010e210,8
 L 040392c8,8
 L 0010e218,8
 L 040393e0,8
 L 0403987c,2
 S 0403a2ca,2
 L 0010e210,8
 L 040392c8,8
 L 0010e218,8
 L 040393e8,8
 L 0403987e,2
 S 0403a31a,2
 L 0010e210,8
 L 040392c8,8
 L 0010e218,8
 L 040393f0,8
 L 04039880,2
 S 0403a36a,2
 L 0010e210,8
 L 040392c8,8
 L 0010e218,8
 L 040393f8,8
 L 04039882,2
 S 0403a3ba,2
 L 0010e210,8
 L 040392c8,8
 L 0010e218,8
 L 04039400,8
 L 04039884,2
 S 0403a40a,2
 L 0010e210,8
 L 040392c8,8
 L 0010e218,8
 L 04039408,8
 L 04039886,2
 S 0403a45a,2
 L 0010e210,8
 L 040392c8,8
 L 0010e218,8
 L 04039410,8
 L 04039888,2
 S 0403a4aa,2
 L 0010e210,8
 L 040392c8,8
 L 0010e218,8
 L 04039418,8
 L 0403988a,2
 S 0403a4fa,2
 L 0010e210,8
 L 040392c8,8
 L 0010e218,8
 L 04039420,8
 L 0403988c,2
 S 0403a54a,2
 L 0010e210,8
 L 040392c8,8
 L 0010e218,8
 L 04039428,8
 L 0403988e,2
 S 0403a59a,2
 L 0010e210,8
 L 040392c8,8
 L 0010e218,8
 L 04039430,8
 L 04039890,2
 S 0403a5ea,2
 L 0010e210,8
 L 040392c8,8
 L 0010e218,8
 L 04039438,8
 L 04039892,2
 S 0403a63a,2
 L 0010e210,8
 L 040392c8,8
 L 0010e218,8
 L 04039440,8
 L 04039894,2
 S 0403a68a,2
 L 0010e210,8
 L 040392c8,8
 L 0010e218,8
 L 04039448,8
 L 04039896,2
 S 0403a6da,2
 L 0010e210,8
 L 040392c8,8
 L 0010e218,8
 L 04039450,8
 L 04039898,2
 S 0403a72a,2
 L 0010e210,8
 L 040392c8,8
 L 0010e218,8
 L 04039458,8
 L 0403989a,2
 S 0403a77a,2
 L 0010e210,8
 L 040392c8,8
 L 0010e218,8
 L 04039460,8
 L 0403989c,2
 S 0403a7ca,2
 L 0010e210,8
 L 040392c8,8
 L 0010e218,8
 L 04039468,8
 L 0403989e,2
 S 0403a81a,2
 L 0010e210,8
 L 040392c8,8
 L 0010e218,8
 L 04039470,8
 L 040398a0,2
 S 0403a86a,2
 L 0010e210,8
 L 040392c8,8
 L 0010e218,8
 L 04039478,8
 L 040398a2,2
 S 0403a8ba,2
 L 0010e210,8
 L 040392c8,8
 L 0010e218,8
 L 04039480,8
 L 040398a4,2
 S 0403a90a,2
 L 0010e210,8
 L 040392c8,8
 L 0010e218,8
 L 04039488,8
 L 040398a6,2
 S 0403a95a,2
 L 0010e210,8
 L 040392c8,8
 L 0010e218,8
 L 04039490,8
 L 040398a8,2
 S 0403a9aa,2
 L 0010e210,8
 L 040392c8,8
 L 0010e218,8
 L 04039498,8
 L 040398aa,2
 S 0403a9fa,2
 L 0010e210,8
 L 040392c8,8
 L 0010e218,8
 L 040394a0,8
 L 040398ac,2
 S 0403aa4a,2
 L 0010e210,8
 L 040392c8,8
 L 0010e218,8
 L 040394a8,8
 L 040398ae,2
 S 0403aa9a,2
 L 0010e210,8
 L 040392d0,8
 L 0010e218,8
 L 040393b0,8
 L 040398c0,2
 S 0403a0ec,2
 L 0010e210,8
 L 040392d0,8
 L 0010e218,8
 L 040393b8,8
 L 040398c2,2
 S 0403a13c,2
 L 0010e210,8
 L 040392d0,8
 L 0010e218,8
 L 040393c0,8
 L 040398c4,2
 S 0403a18c,2
 L 0010e210,8
 L 040392d0,8
 L 0010e218,8
 L 040393c8,8
 L 040398c6,2
 S 0403a1dc,2
 L 0010e210,8
 L 040392d0,8
 L 0010e218,8
 L 040393d0,8
 L 040398c8,2
 S 0403a22c,2
 L 0010e210,8
 L 040392d0,8
 L 0010e218,8
 L 040393d8,8
 L 040398ca,2
 S 0403a27c,2
 L 0010e210,8
 L 040392d0,8
 L 0010e218,8
 L 040393e0,8
 L 040398cc,2
 S 0403a2cc,2
 L 0010e210,8
 L 040392d0,8
 L 0010e218,8
 L 040393e8,8
 L 040398ce,2
 S 0403a31c,2
 L 0010e210,8
 L 040392d0,8
 L 0010e218,8
 L 040393f0,8
 L 040398d0,2
 S 0403a36c,2
 L 0010e210,8
 L 040392d0,8
 L 0010e218,8
 L 040393f8,8
 L 040398d2,2
 S 0403a3bc,2
 L 0010e210,8
 L 040392d0,8
 L 0010e218,8
 L 04039400,8
 L 040398d4,2
 S 0403a40c,2
 L 0010e210,8
 L 040392d0,8
 L 0010e218,8
 L 04039408,8
 L 040398d6,2
 S 0403a45c,2
 L 0010e210,8
 L 040392d0,8
 L 0010e218,8
 L 04039410,8
 L 040398d8,2
 S 0403a4ac,2
 L 0010e210,8
 L 040392d0,8
 L 0010e218,8
 L 04039418,8
 L 040398da,2
 S 0403a4fc,2
 L 0010e210,8
 L 040392d0,8
 L 0010e218,8
 L 04039420,8
 L 040398dc,2
 S 0403a54c,2
 L 0010e210,8
 L 040392d0,8
 L 0010e218,8
 L 04039428,8
 L 040398de,2
 S 0403a59c,2
 L 0010e210,8
 L 040392d0,8
 L 0010e218,8
 L 04039430,8
 L 040398e0,2
 S 0403a5ec,2
 L 0010e210,8
 L 040392d0,8
 L 0010e218,8
 L 04039438,8
 L 040398e2,2
 S 0403a63c,2
 L 0010e210,8
 L 040392d0,8
 L 0010e218,8
 L 04039440,8
 L 040398e4,2
 S 0403a68c,2
 L 0010e210,8
 L 040392d0,8
 L 0010e218,8
 L 04039448,8
 L 040398e6,2
 S 0403a6dc,2
 L 0010e210,8
 L 040392d0,8
 L 0010e218,8
 L 04039450,8
 L 040398e8,2
 S 0403a72c,2
 L 0010e210,8
 L 040392d0,8
 L 0010e218,8
 L 04039458,8
 L 040398ea,2
 S 0403a77c,2
 L 0010e210,8
 L 040392d0,8
 L 0010e218,8
 L 04039460,8
 L 040398ec,2
 S 0403a7cc,2
 L 0010e210,8
 L 040392d0,8
 L 0010e218,8
 L 04039468,8
 L 040398ee,2
 S 0403a81c,2
 L 0010e210,8
 L 040392d0,8
 L 0010e218,8
 L 04039470,8
 L 040398f0,2
 S 0403a86c,2
 L 0010e210,8
 L 040392d0,8
 L 0010e218,8
 L 04039478,8
 L 040398f2,2
 S 0403a8bc,2
 L 0010e210,8
 L 040392d0,8
 L 0010e218,8
 L 04039480,8
 L 040398f4,2
 S 0403a90c,2
 L 0010e210,8
 L 040392d0,8
 L 0010e218,8
 L 04039488,8
 L 040398f6,2
 S 0403a95c,2
 L 0010e210,8
 L 040392d0,8
 L 0010e218,8
 L 04039490,8
 L 040398f8,2
 S 0403a9ac,2
 L 0010e210,8
 L 040392d0,8
 L 0010e218,8
 L 04039498,8
 L 040398fa,2
 S 0403a9fc,2
 L 0010e210,8
 L 040392d0,8
 L 0010e218,8
 L 040394a0,8
 L 040398fc,2
 S 0403aa4c,2
 L 0010e210,8
 L 040392d0,8
 L 0010e218,8
 L 040394a8,8
 L 040398fe,2
 S 0403aa9c,2
 L 0010e210,8
 L 040392d8,8
 L 0010e218,8
 L 040393b0,8
 L 04039910,2
 S 0403a0ee,2
 L 0010e210,8
 L 040392d8,8
 L 0010e218,8
 L 040393b8,8
 L 04039912,2
 S 0403a13e,2
 L 0010e210,8
 L 040392d8,8
 L 0010e218,8
 L 040393c0,8
 L 04039914,2
 S 0403a18e,2
 L 0010e210,8
 L 040392d8,8
 L 0010e218,8
 L 040393c8,8
 L 04039916,2
 S 0403a1de,2
 L 0010e210,8
 L 040392d8,8
 L 0010e218,8
 L 040393d0,8
 L 04039918,2
 S 0403a22e,2
 L 0010e210,8
 L 040392d8,8
 L 0010e218,8
 L 040393d8,8
 L 0403991a,2
 S 0403a27e,2
 L 0010e210,8
 L 040392d8,8
 L 0010e218,8
 L 040393e0,8
 L 0403991c,2
 S 0403a2ce,2
 L 0010e210,8
 L 040392d8,8
 L 0010e218,8
 L 040393e8,8
 L 0403991e,2
 S 0403a31e,2
 L 0010e210,8
 L 040392d8,8
 L 0010e218,8
 L 040393f0,8
 L 04039920,2
 S 0403a36e,2
 L 0010e210,8
 L 040392d8,8
 L 0010e218,8
 L 040393f8,8
 L 04039922,2
 S 0403a3be,2
 L 0010e210,8
 L 040392d8,8
 L 0010e218,8
 L 04039400,8
 L 04039924,2
 S 0403a40e,2
 L 0010e210,8
 L 040392d8,8
 L 0010e218,8
 L 04039408,8
 L 04039926,2
 S 0403a45e,2
 L 0010e210,8
 L 040392d8,8
 L 0010e218,8
 L 04039410,8
 L 04039928,2
 S 0403a4ae,2
 L 0010e210,8
 L 040392d8,8
 L 0010e218,8
 L 04039418,8
 L 0403992a,2
 S 0403a4fe,2
 L 0010e210,8
 L 040392d8,8
 L 0010e218,8
 L 04039420,8
 L 0403992c,2
 S 0403a54e,2
 L 0010e210,8
 L 040392d8,8
 L 0010e218,8
 L 04039428,8
 L 0403992e,2
 S 0403a59e,2
 L 0010e210,8
 L 040392d8,8
 L 0010e218,8
 L 04039430,8
 L 04039930,2
 S 0403a5ee,2
 L 0010e210,8
 L 040392d8,8
 L 0010e218,8
 L 04039438,8
 L 04039932,2
 S 0403a63e,2
 L 0010e210,8
 L 040392d8,8
 L 0010e218,8
 L 04039440,8
 L 04039934,2
 S 0403a68e,2
 L 0010e210,8
 L 040392d8,8
 L 0010e218,8
 L 04039448,8
 L 04039936,2
 S 0403a6de,2
 L 0010e210,8
 L 040392d8,8
 L 0010e218,8
 L 04039450,8
 L 04039938,2
 S 0403a72e,2
 L 0010e210,8
 L 040392d8,8
 L 0010e218,8
 L 04039458,8
 L 0403993a,2
 S 0403a77e,2
 L 0010e210,8
 L 040392d8,8
 L 0010e218,8
 L 04039460,8
 L 0403993c,2
 S 0403a7ce,2
 L 0010e210,8
 L 040392d8,8
 L 0010e218,8
 L 04039468,8
 L 0403993e,2
 S 0403a81e,2
 L 0010e210,8
 L 040392d8,8
 L 0010e218,8
 L 04039470,8
 L 04039940,2
 S 0403a86e,2
 L 0010e210,8
 L 040392d8,8
 L 0010e218,8
 L 04039478,8
 L 04039942,2
 S 0403a8be,2
 L 0010e210,8
 L 040392d8,8
 L 0010e218,8
 L 04039480,8
 L 04039944,2
 S 0403a90e,2
 L 0010e210,8
 L 040392d8,8
 L 0010e218,8
 L 04039488,8
 L 04039946,2
 S 0403a95e,2
 L 0010e210,8
 L 040392d8,8
 L 0010e218,8
 L 04039490,8
 L 04039948,2
 S 0403a9ae,2
 L 0010e210,8
 L 040392d8,8
 L 0010e218,8
 L 04039498,8
 L 0403994a,2
 S 0403a9fe,2
 L 0010e210,8
 L 040392d8,8
 L 0010e218,8
 L 040394a0,8
 L 0403994c,2
 S 0403aa4e,2
 L 0010e210,8
 L 040392d8,8
 L 0010e218,8
 L 040394a8,8
 L 0403994e,2
 S 0403aa9e,2
 L 0010e210,8
 L 040392e0,8
 L 0010e218,8
 L 040393b0,8
 L 04039960,2
 S 0403a0f0,2
 L 0010e210,8
 L 040392e0,8
 L 0010e218,8
 L 040393b8,8
 L 04039962,2
 S 0403a140,2
 L 0010e210,8
 L 040392e0,8
 L 0010e218,8
 L 040393c0,8
 L 04039964,2
 S 0403a190,2
 L 0010e210,8
 L 040392e0,8
 L 0010e218,8
 L 040393c8,8
 L 04039966,2
 S 0403a1e0,2
 L 0010e210,8
 L 040392e0,8
 L 0010e218,8
 L 040393d0,8
 L 04039968,2
 S 0403a230,2
 L 0010e210,8
 L 040392e0,8
 L 0010e218,8
 L 040393d8,8
 L 0403996a,2
 S 0403a280,2
 L 0010e210,8
 L 040392e0,8
 L 0010e218,8
 L 040393e0,8
 L 0403996c,2
 S 0403a2d0,2
 L 0010e210,8
 L 040392e0,8
 L 0010e218,8
 L 040393e8,8
 L 0403996e,2
 S 0403a320,2
 L 0010e210,8
 L 040392e0,8
 L 0010e218,8
 L 040393f0,8
 L 04039970,2
 S 0403a370,2
 L 0010e210,8
 L 040392e0,8
 L 0010e218,8
 L 040393f8,8
 L 04039972,2
 S 0403a3c0,2
 L 0010e210,8
 L 040392e0,8
 L 0010e218,8
 L 04039400,8
 L 04039974,2
 S 0403a410,2
 L 0010e210,8
 L 040392e0,8
 L 0010e218,8
 L 04039408,8
 L 04039976,2
 S 0403a460,2
 L 0010e210,8
 L 040392e0,8
 L 0010e218,8
 L 04039410,8
 L 04039978,2
 S 0403a4b0,2
 L 0010e210,8
 L 040392e0,8
 L 0010e218,8
 L 04039418,8
 L 0403997a,2
 S 0403a500,2
 L 0010e210,8
 L 040392e0,8
 L 0010e218,8
 L 04039420,8
 L 0403997c,2
 S 0403a550,2
 L 0010e210,8
 L 040392e0,8
 L 0010e218,8
 L 04039428,8
 L 0403997e,2
 S 0403a5a0,2
 L 0010e210,8
 L 040392e0,8
 L 0010e218,8
 L 04039430,8
 L 04039980,2
 S 0403a5f0,2
 L 0010e210,8
 L 040392e0,8
 L 0010e218,8
 L 04039438,8
 L 04039982,2
 S 0403a640,2
 L 0010e210,8
 L 040392e0,8
 L 0010e218,8
 L 04039440,8
 L 04039984,2
 S 0403a690,2
 L 0010e210,8
 L 040392e0,8
 L 0010e218,8
 L 04039448,8
 L 04039986,2
 S 0403a6e0,2
 L 0010e210,8
 L 040392e0,8
 L 0010e218,8
 L 04039450,8
 L 04039988,2
 S 0403a730,2
 L 0010e210,8
 L 040392e0,8
 L 0010e218,8
 L 04039458,8
 L 0403998a,2
 S 0403a780,2
 L 0010e210,8
 L 040392e0,8
 L 0010e218,8
 L 04039460,8
 L 0403998c,2
 S 0403a7d0,2
 L 0010e210,8
 L 040392e0,8
 L 0010e218,8
 L 04039468,8
 L 0403998e,2
 S 0403a820,2
 L 0010e210,8
 L 040392e0,8
 L 0010e218,8
 L 04039470,8
 L 04039990,2
 S 0403a870,2
 L 0010e210,8
 L 040392e0,8
 L 0010e218,8
 L 04039478,8
 L 04039992,2
 S 0403a8c0,2
 L 0010e210,8
 L 040392e0,8
 L 0010e218,8
 L 04039480,8
 L 04039994,2
 S 0403a910,2
 L 0010e210,8
 L 040392e0,8
 L 0010e218,8
 L 04039488,8
 L 04039996,2
 S 0403a960,2
 L 0010e210,8
 L 040392e0,8
 L 0010e218,8
 L 04039490,8
 L 04039998,2
 S 0403a9b0,2
 L 0010e210,8
 L 040392e0,8
 L 0010e218,8
 L 04039498,8
 L 0403999a,2
 S 0403aa00,2
 L 0010e210,8
 L 040392e0,8
 L 0010e218,8
 L 040394a0,8
 L 0403999c,2
 S 0403aa50,2
 L 0010e210,8
 L 040392e0,8
 L 0010e218,8
 L 040394a8,8
 L 0403999e,2
 S 0403aaa0,2
 L 0010e210,8
 L 040392e8,8
 L 0010e218,8
 L 040393b0,8
 L 040399b0,2
 S 0403a0f2,2
 L 0010e210,8
 L 040392e8,8
 L 0010e218,8
 L 040393b8,8
 L 040399b2,2
 S 0403a142,2
 L 0010e210,8
 L 040392e8,8
 L 0010e218,8
 L 040393c0,8
 L 040399b4,2
 S 0403a192,2
 L 0010e210,8
 L 040392e8,8
 L 0010e218,8
 L 040393c8,8
 L 040399b6,2
 S 0403a1e2,2
 L 0010e210,8
 L 040392e8,8
 L 0010e218,8
 L 040393d0,8
 L 040399b8,2
 S 0403a232,2
 L 0010e210,8
 L 040392e8,8
 L 0010e218,8
 L 040393d8,8
 L 040399ba,2
 S 0403a282,2
 L 0010e210,8
 L 040392e8,8
 L 0010e218,8
 L 040393e0,8
 L 040399bc,2
 S 0403a2d2,2
 L 0010e210,8
 L 040392e8,8
 L 0010e218,8
 L 040393e8,8
 L 040399be,2
 S 0403a322,2
 L 0010e210,8
 L 040392e8,8
 L 0010e218,8
 L 040393f0,8
 L 040399c0,2
 S 0403a372,2
 L 0010e210,8
 L 040392e8,8
 L 0010e218,8
 L 040393f8,8
 L 040399c2,2
 S 0403a3c2,2
 L 0010e210,8
 L 040392e8,8
 L 0010e218,8
 L 04039400,8
 L 040399c4,2
 S 0403a412,2
 L 0010e210,8
 L 040392e8,8
 L 0010e218,8
 L 04039408,8
 L 040399c6,2
 S 0403a462,2
 L 0010e210,8
 L 040392e8,8
 L 0010e218,8
 L 04039410,8
 L 040399c8,2
 S 0403a4b2,2
 L 0010e210,8
 L 040392e8,8
 L 0010e218,8
 L 04039418,8
 L 040399ca,2
 S 0403a502,2
 L 0010e210,8
 L 040392e8,8
 L 0010e218,8
 L 04039420,8
 L 040399cc,2
 S 0403a552,2
 L 0010e210,8
 L 040392e8,8
 L 0010e218,8
 L 04039428,8
 L 040399ce,2
 S 0403a5a2,2
 L 0010e210,8
 L 040392e8,8
 L 0010e218,8
 L 04039430,8
 L 040399d0,2
 S 0403a5f2,2
 L 0010e210,8
 L 040392e8,8
 L 0010e218,8
 L 04039438,8
 L 040399d2,2
 S 0403a642,2
 L 0010e210,8
 L 040392e8,8
 L 0010e218,8
 L 04039440,8
 L 040399d4,2
 S 0403a692,2
 L 0010e210,8
 L 040392e8,8
 L 0010e218,8
 L 04039448,8
 L 040399d6,2
 S 0403a6e2,2
 L 0010e210,8
 L 040392e8,8
 L 0010e218,8
 L 04039450,8
 L 040399d8,2
 S 0403a732,2
 L 0010e210,8
 L 040392e8,8
 L 0010e218,8
 L 04039458,8
 L 040399da,2
 S 0403a782,2
 L 0010e210,8
 L 040392e8,8
 L 0010e218,8
 L 04039460,8
 L 040399dc,2
 S 0403a7d2,2
 L 0010e210,8
 L 040392e8,8
 L 0010e218,8
 L 04039468,8
 L 040399de,2
 S 0403a822,2
 L 0010e210,8
 L 040392e8,8
 L 0010e218,8
 L 04039470,8
 L 040399e0,2
 S 0403a872,2
 L 0010e210,8
 L 040392e8,8
 L 0010e218,8
 L 04039478,8
 L 040399e2,2
 S 0403a8c2,2
 L 0010e210,8
 L 040392e8,8
 L 0010e218,8
 L 04039480,8
 L 040399e4,2
 S 0403a912,2
 L 0010e210,8
 L 040392e8,8
 L 0010e218,8
 L 04039488,8
 L 040399e6,2
 S 0403a962,2
 L 0010e210,8
 L 040392e8,8
 L 0010e218,8
 L 04039490,8
 L 040399e8,2
 S 0403a9b2,2
 L 0010e210,8
 L 040392e8,8
 L 0010e218,8
 L 04039498,8
 L 040399ea,2
 S 0403aa02,2
 L 0010e210,8
 L 040392e8,8
 L 0010e218,8
 L 040394a0,8
 L 040399ec,2
 S 0403aa52,2
 L 0010e210,8
 L 040392e8,8
 L 0010e218,8
 L 040394a8,8
 L 040399ee,2
 S 0403aaa2,2
 L 0010e210,8
 L 040392f0,8
 L 0010e218,8
 L 040393b0,8
 L 04039a00,2
 S 0403a0f4,2
 L 0010e210,8
 L 040392f0,8
 L 0010e218,8
 L 040393b8,8
 L 04039a02,2
 S 0403a144,2
 L 0010e210,8
 L 040392f0,8
 L 0010e218,8
 L 040393c0,8
 L 04039a04,2
 S 0403a194,2
 L 0010e210,8
 L 040392f0,8
 L 0010e218,8
 L 040393c8,8
 L 04039a06,2
 S 0403a1e4,2
 L 0010e210,8
 L 040392f0,8
 L 0010e218,8
 L 040393d0,8
 L 04039a08,2
 S 0403a234,2
 L 0010e210,8
 L 040392f0,8
 L 0010e218,8
 L 040393d8,8
 L 04039a0a,2
 S 0403a284,2
 L 0010e210,8
 L 040392f0,8
 L 0010e218,8
 L 040393e0,8
 L 04039a0c,2
 S 0403a2d4,2
 L 0010e210,8
 L 040392f0,8
 L 0010e218,8
 L 040393e8,8
 L 04039a0e,2
 S 0403a324,2
 L 0010e210,8
 L 040392f0,8
 L 0010e218,8
 L 040393f0,8
 L 04039a10,2
 S 0403a374,2
 L 0010e210,8
 L 040392f0,8
 L 0010e218,8
 L 040393f8,8
 L 04039a12,2
 S 0403a3c4,2
 L 0010e210,8
 L 040392f0,8
 L 0010e218,8
 L 04039400,8
 L 04039a14,2
 S 0403a414,2
 L 0010e210,8
 L 040392f0,8
 L 0010e218,8
 L 04039408,8
 L 04039a16,2
 S 0403a464,2
 L 0010e210,8
 L 040392f0,8
 L 0010e218,8
 L 04039410,8
 L 04039a18,2
 S 0403a4b4,2
 L 0010e210,8
 L 040392f0,8
 L 0010e218,8
 L 04039418,8
 L 04039a1a,2
 S 0403a504,2
 L 0010e210,8
 L 040392f0,8
 L 0010e218,8
 L 04039420,8
 L 04039a1c,2
 S 0403a554,2
 L 0010e210,8
 L 040392f0,8
 L 0010e218,8
 L 04039428,8
 L 04039a1e,2
 S 0403a5a4,2
 L 0010e210,8
 L 040392f0,8
 L 0010e218,8
 L 04039430,8
 L 04039a20,2
 S 0403a5f4,2
 L 0010e210,8
 L 040392f0,8
 L 0010e218,8
 L 04039438,8
 L 04039a22,2
 S 0403a644,2
 L 0010e210,8
 L 040392f0,8
 L 0010e218,8
 L 04039440,8
 L 04039a24,2
 S 0403a694,2
 L 0010e210,8
 L 040392f0,8
 L 0010e218,8
 L 04039448,8
 L 04039a26,2
 S 0403a6e4,2
 L 0010e210,8
 L 040392f0,8
 L 0010e218,8
 L 04039450,8
 L 04039a28,2
 S 0403a734,2
 L 0010e210,8
 L 040392f0,8
 L 0010e218,8
 L 04039458,8
 L 04039a2a,2
 S 0403a784,2
 L 0010e210,8
 L 040392f0,8
 L 0010e218,8
 L 04039460,8
 L 04039a2c,2
 S 0403a7d4,2
 L 0010e210,8
 L 040392f0,8
 L 0010e218,8
 L 04039468,8
 L 04039a2e,2
 S 0403a824,2
 L 0010e210,8
 L 040392f0,8
 L 0010e218,8
 L 04039470,8
 L 04039a30,2
 S 0403a874,2
 L 0010e210,8
 L 040392f0,8
 L 0010e218,8
 L 04039478,8
 L 04039a32,2
 S 0403a8c4,2
 L 0010e210,8
 L 040392f0,8
 L 0010e218,8
 L 04039480,8
 L 04039a34,2
 S 0403a914,2
 L 0010e210,8
 L 040392f0,8
 L 0010e218,8
 L 04039488,8
 L 04039a36,2
 S 0403a964,2
 L 0010e210,8
 L 040392f0,8
 L 0010e218,8
 L 04039490,8
 L 04039a38,2
 S 0403a9b4,2
 L 0010e210,8
 L 040392f0,8
 L 0010e218,8
 L 04039498,8
 L 04039a3a,2
 S 0403aa04,2
 L 0010e210,8
 L 040392f0,8
 L 0010e218,8
 L 040394a0,8
 L 04039a3c,2
 S 0403aa54,2
 L 0010e210,8
 L 040392f0,8
 L 0010e218,8
 L 040394a8,8
 L 04039a3e,2
 S 0403aaa4,2
 L 0010e210,8
 L 040392f8,8
 L 0010e218,8
 L 040393b0,8
 L 04039a50,2
 S 0403a0f6,2
 L 0010e210,8
 L 040392f8,8
 L 0010e218,8
 L 040393b8,8
 L 04039a52,2
 S 0403a146,2
 L 0010e210,8
 L 040392f8,8
 L 0010e218,8
 L 040393c0,8
 L 04039a54,2
 S 0403a196,2
 L 0010e210,8
 L 040392f8,8
 L 0010e218,8
 L 040393c8,8
 L 04039a56,2
 S 0403a1e6,2
 L 0010e210,8
 L 040392f8,8
 L 0010e218,8
 L 040393d0,8
 L 04039a58,2
 S 0403a236,2
 L 0010e210,8
 L 040392f8,8
 L 0010e218,8
 L 040393d8,8
 L 04039a5a,2
 S 0403a286,2
 L 0010e210,8
 L 040392f8,8
 L 0010e218,8
 L 040393e0,8
 L 04039a5c,2
 S 0403a2d6,2
 L 0010e210,8
 L 040392f8,8
 L 0010e218,8
 L 040393e8,8
 L 04039a5e,2
 S 0403a326,2
 L 0010e210,8
 L 040392f8,8
 L 0010e218,8
 L 040393f0,8
 L 04039a60,2
 S 0403a376,2
 L 0010e210,8
 L 040392f8,8
 L 0010e218,8
 L 040393f8,8
 L 04039a62,2
 S 0403a3c6,2
 L 0010e210,8
 L 040392f8,8
 L 0010e218,8
 L 04039400,8
 L 04039a64,2
 S 0403a416,2
 L 0010e210,8
 L 040392f8,8
 L 0010e218,8
 L 04039408,8
 L 04039a66,2
 S 0403a466,2
 L 0010e210,8
 L 040392f8,8
 L 0010e218,8
 L 04039410,8
 L 04039a68,2
 S 0403a4b6,2
 L 0010e210,8
 L 040392f8,8
 L 0010e218,8
 L 04039418,8
 L 04039a6a,2
 S 0403a506,2
 L 0010e210,8
 L 040392f8,8
 L 0010e218,8
 L 04039420,8
 L 04039a6c,2
 S 0403a556,2
 L 0010e210,8
 L 040392f8,8
 L 0010e218,8
 L 04039428,8
 L 04039a6e,2
 S 0403a5a6,2
 L 0010e210,8
 L 040392f8,8
 L 0010e218,8
 L 04039430,8
 L 04039a70,2
 S 0403a5f6,2
 L 0010e210,8
 L 040392f8,8
 L 0010e218,8
 L 04039438,8
 L 04039a72,2
 S 0403a646,2
 L 0010e210,8
 L 040392f8,8
 L 0010e218,8
 L 04039440,8
 L 04039a74,2
 S 0403a696,2
 L 0010e210,8
 L 040392f8,8
 L 0010e218,8
 L 04039448,8
 L 04039a76,2
 S 0403a6e6,2
 L 0010e210,8
 L 040392f8,8
 L 0010e218,8
 L 04039450,8
 L 04039a78,2
 S 0403a736,2
 L 0010e210,8
 L 040392f8,8
 L 0010e218,8
 L 04039458,8
 L 04039a7a,2
 S 0403a786,2
 L 0010e210,8
 L 040392f8,8
 L 0010e218,8
 L 04039460,8
 L 04039a7c,2
 S 0403a7d6,2
 L 0010e210,8
 L 040392f8,8
 L 0010e218,8
 L 04039468,8
 L 04039a7e,2
 S 0403a826,2
 L 0010e210,8
 L 040392f8,8
 L 0010e218,8
 L 04039470,8
 L 04039a80,2
 S 0403a876,2
 L 0010e210,8
 L 040392f8,8
 L 0010e218,8
 L 04039478,8
 L 04039a82,2
 S 0403a8c6,2
 L 0010e210,8
 L 040392f8,8
 L 0010e218,8
 L 04039480,8
 L 04039a84,2
 S 0403a916,2
 L 0010e210,8
 L 040392f8,8
 L 0010e218,8
 L 04039488,8
 L 04039a86,2
 S 0403a966,2
 L 0010e210,8
 L 040392f8,8
 L 0010e218,8
 L 04039490,8
 L 04039a88,2
 S 0403a9b6,2
 L 0010e210,8
 L 040392f8,8
 L 0010e218,8
 L 04039498,8
 L 04039a8a,2
 S 0403aa06,2
 L 0010e210,8
 L 040392f8,8
 L 0010e218,8
 L 040394a0,8
 L 04039a8c,2
 S 0403aa56,2
 L 0010e210,8
 L 040392f8,8
 L 0010e218,8
 L 040394a8,8
 L 04039a8e,2
 S 0403aaa6,2
 L 0010e210,8
 L 04039300,8
 L 0010e218,8
 L 040393b0,8
 L 04039aa0,2
 S 0403a0f8,2
 L 0010e210,8
 L 04039300,8
 L 0010e218,8
 L 040393b8,8
 L 04039aa2,2
 S 0403a148,2
 L 0010e210,8
 L 04039300,8
 L 0010e218,8
 L 040393c0,8
 L 04039aa4,2
 S 0403a198,2
 L 0010e210,8
 L 04039300,8
 L 0010e218,8
 L 040393c8,8
 L 04039aa6,2
 S 0403a1e8,2
 L 0010e210,8
 L 04039300,8
 L 0010e218,8
 L 040393d0,8
 L 04039aa8,2
 S 0403a238,2
 L 0010e210,8
 L 04039300,8
 L 0010e218,8
 L 040393d8,8
 L 04039aaa,2
 S 0403a288,2
 L 0010e210,8
 L 04039300,8
 L 0010e218,8
 L 040393e0,8
 L 04039aac,2
 S 0403a2d8,2
 L 0010e210,8
 L 04039300,8
 L 0010e218,8
 L 040393e8,8
 L 04039aae,2
 S 0403a328,2
 L 0010e210,8
 L 04039300,8
 L 0010e218,8
 L 040393f0,8
 L 04039ab0,2
 S 0403a378,2
 L 0010e210,8
 L 04039300,8
 L 0010e218,8
 L 040393f8,8
 L 04039ab2,2
 S 0403a3c8,2
 L 0010e210,8
 L 04039300,8
 L 0010e218,8
 L 04039400,8
 L 04039ab4,2
 S 0403a418,2
 L 0010e210,8
 L 04039300,8
 L 0010e218,8
 L 04039408,8
 L 04039ab6,2
 S 0403a468,2
 L 0010e210,8
 L 04039300,8
 L 0010e218,8
 L 04039410,8
 L 04039ab8,2
 S 0403a4b8,2
 L 0010e210,8
 L 04039300,8
 L 0010e218,8
 L 04039418,8
 L 04039aba,2
 S 0403a508,2
 L 0010e210,8
 L 04039300,8
 L 0010e218,8
 L 04039420,8
 L 04039abc,2
 S 0403a558,2
 L 0010e210,8
 L 04039300,8
 L 0010e218,8
 L 04039428,8
 L 04039abe,2
 S 0403a5a8,2
 L 0010e210,8
 L 04039300,8
 L 0010e218,8
 L 04039430,8
 L 04039ac0,2
 S 0403a5f8,2
 L 0010e210,8
 L 04039300,8
 L 0010e218,8
 L 04039438,8
 L 04039ac2,2
 S 0403a648,2
 L 0010e210,8
 L 04039300,8
 L 0010e218,8
 L 04039440,8
 L 04039ac4,2
 S 0403a698,2
 L 0010e210,8
 L 04039300,8
 L 0010e218,8
 L 04039448,8
 L 04039ac6,2
 S 0403a6e8,2
 L 0010e210,8
 L 04039300,8
 L 0010e218,8
 L 04039450,8
 L 04039ac8,2
 S 0403a738,2
 L 0010e210,8
 L 04039300,8
 L 0010e218,8
 L 04039458,8
 L 04039aca,2
 S 0403a788,2
 L 0010e210,8
 L 04039300,8
 L 0010e218,8
 L 04039460,8
 L 04039acc,2
 S 0403a7d8,2
 L 0010e210,8
 L 04039300,8
 L 0010e218,8
 L 04039468,8
 L 04039ace,2
 S 0403a828,2
 L 0010e210,8
 L 04039300,8
 L 0010e218,8
 L 04039470,8
 L 04039ad0,2
 S 0403a878,2
 L 0010e210,8
 L 04039300,8
 L 0010e218,8
 L 04039478,8
 L 04039ad2,2
 S 0403a8c8,2
 L 0010e210,8
 L 04039300,8
 L 0010e218,8
 L 04039480,8
 L 04039ad4,2
 S 0403a918,2
 L 0010e210,8
 L 04039300,8
 L 0010e218,8
 L 04039488,8
 L 04039ad6,2
 S 0403a968,2
 L 0010e210,8
 L 04039300,8
 L 0010e218,8
 L 04039490,8
 L 04039ad8,2
 S 0403a9b8,2
 L 0010e210,8
 L 04039300,8
 L 0010e218,8
 L 04039498,8
 L 04039ada,2
 S 0403aa08,2
 L 0010e210,8
 L 04039300,8
 L 0010e218,8
 L 040394a0,8
 L 04039adc,2
 S 0403aa58,2
 L 0010e210,8
 L 04039300,8
 L 0010e218,8
 L 040394a8,8
 L 04039ade,2
 S 0403aaa8,2
 L 0010e210,8
 L 04039308,8
 L 0010e218,8
 L 040393b0,8
 L 04039af0,2
 S 0403a0fa,2
 L 0010e210,8
 L 04039308,8
 L 0010e218,8
 L 040393b8,8
 L 04039af2,2
 S 0403a14a,2
 L 0010e210,8
 L 04039308,8
 L 0010e218,8
 L 040393c0,8
 L 04039af4,2
 S 0403a19a,2
 L 0010e210,8
 L 04039308,8
 L 0010e218,8
 L 040393c8,8
 L 04039af6,2
 S 0403a1ea,2
 L 0010e210,8
 L 04039308,8
 L 0010e218,8
 L 040393d0,8
 L 04039af8,2
 S 0403a23a,2
 L 0010e210,8
 L 04039308,8
 L 0010e218,8
 L 040393d8,8
 L 04039afa,2
 S 0403a28a,2
 L 0010e210,8
 L 04039308,8
 L 0010e218,8
 L 040393e0,8
 L 04039afc,2
 S 0403a2da,2
 L 0010e210,8
 L 04039308,8
 L 0010e218,8
 L 040393e8,8
 L 04039afe,2
 S 0403a32a,2
 L 0010e210,8
 L 04039308,8
 L 0010e218,8
 L 040393f0,8
 L 04039b00,2
 S 0403a37a,2
 L 0010e210,8
 L 04039308,8
 L 0010e218,8
 L 040393f8,8
 L 04039b02,2
 S 0403a3ca,2
 L 0010e210,8
 L 04039308,8
 L 0010e218,8
 L 04039400,8
 L 04039b04,2
 S 0403a41a,2
 L 0010e210,8
 L 04039308,8
 L 0010e218,8
 L 04039408,8
 L 04039b06,2
 S 0403a46a,2
 L 0010e210,8
 L 04039308,8
 L 0010e218,8
 L 04039410,8
 L 04039b08,2
 S 0403a4ba,2
 L 0010e210,8
 L 04039308,8
 L 0010e218,8
 L 04039418,8
 L 04039b0a,2
 S 0403a50a,2
 L 0010e210,8
 L 04039308,8
 L 0010e218,8
 L 04039420,8
 L 04039b0c,2
 S 0403a55a,2
 L 0010e210,8
 L 04039308,8
 L 0010e218,8
 L 04039428,8
 L 04039b0e,2
 S 0403a5aa,2
 L 0010e210,8
 L 04039308,8
 L 0010e218,8
 L 04039430,8
 L 04039b10,2
 S 0403a5fa,2
 L 0010e210,8
 L 04039308,8
 L 0010e218,8
 L 04039438,8
 L 04039b12,2
 S 0403a64a,2
 L 0010e210,8
 L 04039308,8
 L 0010e218,8
 L 04039440,8
 L 04039b14,2
 S 0403a69a,2
 L 0010e210,8
 L 04039308,8
 L 0010e218,8
 L 04039448,8
 L 04039b16,2
 S 0403a6ea,2
 L 0010e210,8
 L 04039308,8
 L 0010e218,8
 L 04039450,8
 L 04039b18,2
 S 0403a73a,2
 L 0010e210,8
 L 04039308,8
 L 0010e218,8
 L 04039458,8
 L 04039b1a,2
 S 0403a78a,2
 L 0010e210,8
 L 04039308,8
 L 0010e218,8
 L 04039460,8
 L 04039b1c,2
 S 0403a7da,2
 L 0010e210,8
 L 04039308,8
 L 0010e218,8
 L 04039468,8
 L 04039b1e,2
 S 0403a82a,2
 L 0010e210,8
 L 04039308,8
 L 0010e218,8
 L 04039470,8
 L 04039b20,2
 S 0403a87a,2
 L 0010e210,8
 L 04039308,8
 L 0010e218,8
 L 04039478,8
 L 04039b22,2
 S 0403a8ca,2
 L 0010e210,8
 L 04039308,8
 L 0010e218,8
 L 04039480,8
 L 04039b24,2
 S 0403a91a,2
 L 0010e210,8
 L 04039308,8
 L 0010e218,8
 L 04039488,8
 L 04039b26,2
 S 0403a96a,2
 L 0010e210,8
 L 04039308,8
 L 0010e218,8
 L 04039490,8
 L 04039b28,2
 S 0403a9ba,2
 L 0010e210,8
 L 04039308,8
 L 0010e218,8
 L 04039498,8
 L 04039b2a,2
 S 0403aa0a,2
 L 0010e210,8
 L 04039308,8
 L 0010e218,8
 L 040394a0,8
 L 04039b2c,2
 S 0403aa5a,2
 L 0010e210,8
 L 04039308,8
 L 0010e218,8
 L 040394a8,8
 L 04039b2e,2
 S 0403aaaa,2
 L 0010e210,8
 L 04039310,8
 L 0010e218,8
 L 040393b0,8
 L 04039b40,2
 S 0403a0fc,2
 L 0010e210,8
 L 04039310,8
 L 0010e218,8
 L 040393b8,8
 L 04039b42,2
 S 0403a14c,2
 L 0010e210,8
 L 04039310,8
 L 0010e218,8
 L 040393c0,8
 L 04039b44,2
 S 0403a19c,2
 L 0010e210,8
 L 04039310,8
 L 0010e218,8
 L 040393c8,8
 L 04039b46,2
 S 0403a1ec,2
 L 0010e210,8
 L 04039310,8
 L 0010e218,8
 L 040393d0,8
 L 04039b48,2
 S 0403a23c,2
 L 0010e210,8
 L 04039310,8
 L 0010e218,8
 L 040393d8,8
 L 04039b4a,2
 S 0403a28c,2
 L 0010e210,8
 L 04039310,8
 L 0010e218,8
 L 040393e0,8
 L 04039b4c,2
 S 0403a2dc,2
 L 0010e210,8
 L 04039310,8
 L 0010e218,8
 L 040393e8,8
 L 04039b4e,2
 S 0403a32c,2
 L 0010e210,8
 L 04039310,8
 L 0010e218,8
 L 040393f0,8
 L 04039b50,2
 S 0403a37c,2
 L 0010e210,8
 L 04039310,8
 L 0010e218,8
 L 040393f8,8
 L 04039b52,2
 S 0403a3cc,2
 L 0010e210,8
 L 04039310,8
 L 0010e218,8
 L 04039400,8
 L 04039b54,2
 S 0403a41c,2
 L 0010e210,8
 L 04039310,8
 L 0010e218,8
 L 04039408,8
 L 04039b56,2
 S 0403a46c,2
 L 0010e210,8
 L 04039310,8
 L 0010e218,8
 L 04039410,8
 L 04039b58,2
 S 0403a4bc,2
 L 0010e210,8
 L 04039310,8
 L 0010e218,8
 L 04039418,8
 L 04039b5a,2
 S 0403a50c,2
 L 0010e210,8
 L 04039310,8
 L 0010e218,8
 L 04039420,8
 L 04039b5c,2
 S 0403a55c,2
 L 0010e210,8
 L 04039310,8
 L 0010e218,8
 L 04039428,8
 L 04039b5e,2
 S 0403a5ac,2
 L 0010e210,8
 L 04039310,8
 L 0010e218,8
 L 04039430,8
 L 04039b60,2
 S 0403a5fc,2
 L 0010e210,8
 L 04039310,8
 L 0010e218,8
 L 04039438,8
 L 04039b62,2
 S 0403a64c,2
 L 0010e210,8
 L 04039310,8
 L 0010e218,8
 L 04039440,8
 L 04039b64,2
 S 0403a69c,2
 L 0010e210,8
 L 04039310,8
 L 0010e218,8
 L 04039448,8
 L 04039b66,2
 S 0403a6ec,2
 L 0010e210,8
 L 04039310,8
 L 0010e218,8
 L 04039450,8
 L 04039b68,2
 S 0403a73c,2
 L 0010e210,8
 L 04039310,8
 L 0010e218,8
 L 04039458,8
 L 04039b6a,2
 S 0403a78c,2
 L 0010e210,8
 L 04039310,8
 L 0010e218,8
 L 04039460,8
 L 04039b6c,2
 S 0403a7dc,2
 L 0010e210,8
 L 04039310,8
 L 0010e218,8
 L 04039468,8
 L 04039b6e,2
 S 0403a82c,2
 L 0010e210,8
 L 04039310,8
 L 0010e218,8
 L 04039470,8
 L 04039b70,2
 S 0403a87c,2
 L 0010e210,8
 L 04039310,8
 L 0010e218,8
 L 04039478,8
 L 04039b72,2
 S 0403a8cc,2
 L 0010e210,8
 L 04039310,8
 L 0010e218,8
 L 04039480,8
 L 04039b74,2
 S 0403a91c,2
 L 0010e210,8
 L 04039310,8
 L 0010e218,8
 L 04039488,8
 L 04039b76,2
 S 0403a96c,2
 L 0010e210,8
 L 04039310,8
 L 0010e218,8
 L 04039490,8
 L 04039b78,2
 S 0403a9bc,2
 L 0010e210,8
 L 04039310,8
 L 0010e218,8
 L 04039498,8
 L 04039b7a,2
 S 0403aa0c,2
 L 0010e210,8
 L 04039310,8
 L 0010e218,8
 L 040394a0,8
 L 04039b7c,2
 S 0403aa5c,2
 L 0010e210,8
 L 04039310,8
 L 0010e218,8
 L 040394a8,8
 L 04039b7e,2
 S 0403aaac,2
 L 0010e210,8
 L 04039318,8
 L 0010e218,8
 L 040393b0,8
 L 04039b90,2
 S 0403a0fe,2
 L 0010e210,8
 L 04039318,8
 L 0010e218,8
 L 040393b8,8
 L 04039b92,2
 S 0403a14e,2
 L 0010e210,8
 L 04039318,8
 L 0010e218,8
 L 040393c0,8
 L 04039b94,2
 S 0403a19e,2
 L 0010e210,8
 L 04039318,8
 L 0010e218,8
 L 040393c8,8
 L 04039b96,2
 S 0403a1ee,2
 L 0010e210,8
 L 04039318,8
 L 0010e218,8
 L 040393d0,8
 L 04039b98,2
 S 0403a23e,2
 L 0010e210,8
 L 04039318,8
 L 0010e218,8
 L 040393d8,8
 L 04039b9a,2
 S 0403a28e,2
 L 0010e210,8
 L 04039318,8
 L 0010e218,8
 L 040393e0,8
 L 04039b9c,2
 S 0403a2de,2
 L 0010e210,8
 L 04039318,8
 L 0010e218,8
 L 040393e8,8
 L 04039b9e,2
 S 0403a32e,2
 L 0010e210,8
 L 04039318,8
 L 0010e218,8
 L 040393f0,8
 L 04039ba0,2
 S 0403a37e,2
 L 0010e210,8
 L 04039318,8
 L 0010e218,8
 L 040393f8,8
 L 04039ba2,2
 S 0403a3ce,2
 L 0010e210,8
 L 04039318,8
 L 0010e218,8
 L 04039400,8
 L 04039ba4,2
 S 0403a41e,2
 L 0010e210,8
 L 04039318,8
 L 0010e218,8
 L 04039408,8
 L 04039ba6,2
 S 0403a46e,2
 L 0010e210,8
 L 04039318,8
 L 0010e218,8
 L 04039410,8
 L 04039ba8,2
 S 0403a4be,2
 L 0010e210,8
 L 04039318,8
 L 0010e218,8
 L 04039418,8
 L 04039baa,2
 S 0403a50e,2
 L 0010e210,8
 L 04039318,8
 L 0010e218,8
 L 04039420,8
 L 04039bac,2
 S 0403a55e,2
 L 0010e210,8
 L 04039318,8
 L 0010e218,8
 L 04039428,8
 L 04039bae,2
 S 0403a5ae,2
 L 0010e210,8
 L 04039318,8
 L 0010e218,8
 L 04039430,8
 L 04039bb0,2
 S 0403a5fe,2
 L 0010e210,8
 L 04039318,8
 L 0010e218,8
 L 04039438,8
 L 04039bb2,2
 S 0403a64e,2
 L 0010e210,8
 L 04039318,8
 L 0010e218,8
 L 04039440,8
 L 04039bb4,2
 S 0403a69e,2
 L 0010e210,8
 L 04039318,8
 L 0010e218,8
 L 04039448,8
 L 04039bb6,2
 S 0403a6ee,2
 L 0010e210,8
 L 04039318,8
 L 0010e218,8
 L 04039450,8
 L 04039bb8,2
 S 0403a73e,2
 L 0010e210,8
 L 04039318,8
 L 0010e218,8
 L 04039458,8
 L 04039bba,2
 S 0403a78e,2
 L 0010e210,8
 L 04039318,8
 L 0010e218,8
 L 04039460,8
 L 04039bbc,2
 S 0403a7de,2
 L 0010e210,8
 L 04039318,8
 L 0010e218,8
 L 04039468,8
 L 04039bbe,2
 S 0403a82e,2
 L 0010e210,8
 L 04039318,8
 L 0010e218,8
 L 04039470,8
 L 04039bc0,2
 S 0403a87e,2
 L 0010e210,8
 L 04039318,8
 L 0010e218,8
 L 04039478,8
 L 04039bc2,2
 S 0403a8ce,2
 L 0010e210,8
 L 04039318,8
 L 0010e218,8
 L 04039480,8
 L 04039bc4,2
 S 0403a91e,2
 L 0010e210,8
 L 04039318,8
 L 0010e218,8
 L 04039488,8
 L 04039bc6,2
 S 0403a96e,2
 L 0010e210,8
 L 04039318,8
 L 0010e218,8
 L 04039490,8
 L 04039bc8,2
 S 0403a9be,2
 L 0010e210,8
 L 04039318,8
 L 0010e218,8
 L 04039498,8
 L 04039bca,2
 S 0403aa0e,2
 L 0010e210,8
 L 04039318,8
 L 0010e218,8
 L 040394a0,8
 L 04039bcc,2
 S 0403aa5e,2
 L 0010e210,8
 L 04039318,8
 L 0010e218,8
 L 040394a8,8
 L 04039bce,2
 S 0403aaae,2
 L 0010e210,8
 L 04039320,8
 L 0010e218,8
 L 040393b0,8
 L 04039be0,2
 S 0403a100,2
 L 0010e210,8
 L 04039320,8
 L 0010e218,8
 L 040393b8,8
 L 04039be2,2
 S 0403a150,2
 L 0010e210,8
 L 04039320,8
 L 0010e218,8
 L 040393c0,8
 L 04039be4,2
 S 0403a1a0,2
 L 0010e210,8
 L 04039320,8
 L 0010e218,8
 L 040393c8,8
 L 04039be6,2
 S 0403a1f0,2
 L 0010e210,8
 L 04039320,8
 L 0010e218,8
 L 040393d0,8
 L 04039be8,2
 S 0403a240,2
 L 0010e210,8
 L 04039320,8
 L 0010e218,8
 L 040393d8,8
 L 04039bea,2
 S 0403a290,2
 L 0010e210,8
 L 04039320,8
 L 0010e218,8
 L 040393e0,8
 L 04039bec,2
 S 0403a2e0,2
 L 0010e210,8
 L 04039320,8
 L 0010e218,8
 L 040393e8,8
 L 04039bee,2
 S 0403a330,2
 L 0010e210,8
 L 04039320,8
 L 0010e218,8
 L 040393f0,8
 L 04039bf0,2
 S 0403a380,2
 L 0010e210,8
 L 04039320,8
 L 0010e218,8
 L 040393f8,8
 L 04039bf2,2
 S 0403a3d0,2
 L 0010e210,8
 L 04039320,8
 L 0010e218,8
 L 04039400,8
 L 04039bf4,2
 S 0403a420,2
 L 0010e210,8
 L 04039320,8
 L 0010e218,8
 L 04039408,8
 L 04039bf6,2
 S 0403a470,2
 L 0010e210,8
 L 04039320,8
 L 0010e218,8
 L 04039410,8
 L 04039bf8,2
 S 0403a4c0,2
 L 0010e210,8
 L 04039320,8
 L 0010e218,8
 L 04039418,8
 L 04039bfa,2
 S 0403a510,2
 L 0010e210,8
 L 04039320,8
 L 0010e218,8
 L 04039420,8
 L 04039bfc,2
 S 0403a560,2
 L 0010e210,8
 L 04039320,8
 L 0010e218,8
 L 04039428,8
 L 04039bfe,2
 S 0403a5b0,2
 L 0010e210,8
 L 04039320,8
 L 0010e218,8
 L 04039430,8
 L 04039c00,2
 S 0403a600,2
 L 0010e210,8
 L 04039320,8
 L 0010e218,8
 L 04039438,8
 L 04039c02,2
 S 0403a650,2
 L 0010e210,8
 L 04039320,8
 L 0010e218,8
 L 04039440,8
 L 04039c04,2
 S 0403a6a0,2
 L 0010e210,8
 L 04039320,8
 L 0010e218,8
 L 04039448,8
 L 04039c06,2
 S 0403a6f0,2
 L 0010e210,8
 L 04039320,8
 L 0010e218,8
 L 04039450,8
 L 04039c08,2
 S 0403a740,2
 L 0010e210,8
 L 04039320,8
 L 0010e218,8
 L 04039458,8
 L 04039c0a,2
 S 0403a790,2
 L 0010e210,8
 L 04039320,8
 L 0010e218,8
 L 04039460,8
 L 04039c0c,2
 S 0403a7e0,2
 L 0010e210,8
 L 04039320,8
 L 0010e218,8
 L 04039468,8
 L 04039c0e,2
 S 0403a830,2
 L 0010e210,8
 L 04039320,8
 L 0010e218,8
 L 04039470,8
 L 04039c10,2
 S 0403a880,2
 L 0010e210,8
 L 04039320,8
 L 0010e218,8
 L 04039478,8
 L 04039c12,2
 S 0403a8d0,2
 L 0010e210,8
 L 04039320,8
 L 0010e218,8
 L 04039480,8
 L 04039c14,2
 S 0403a920,2
 L 0010e210,8
 L 04039320,8
 L 0010e218,8
 L 04039488,8
 L 04039c16,2
 S 0403a970,2
 L 0010e210,8
 L 04039320,8
 L 0010e218,8
 L 04039490,8
 L 04039c18,2
 S 0403a9c0,2
 L 0010e210,8
 L 04039320,8
 L 0010e218,8
 L 04039498,8
 L 04039c1a,2
 S 0403aa10,2
 L 0010e210,8
 L 04039320,8
 L 0010e218,8
 L 040394a0,8
 L 04039c1c,2
 S 0403aa60,2
 L 0010e210,8
 L 04039320,8
 L 0010e218,8
 L 040394a8,8
 L 04039c1e,2
 S 0403aab0,2
 L 0010e210,8
 L 04039328,8
 L 0010e218,8
 L 040393b0,8
 L 04039c30,2
 S 0403a102,2
 L 0010e210,8
 L 04039328,8
 L 0010e218,8
 L 040393b8,8
 L 04039c32,2
 S 0403a152,2
 L 0010e210,8
 L 04039328,8
 L 0010e218,8
 L 040393c0,8
 L 04039c34,2
 S 0403a1a2,2
 L 0010e210,8
 L 04039328,8
 L 0010e218,8
 L 040393c8,8
 L 04039c36,2
 S 0403a1f2,2
 L 0010e210,8
 L 04039328,8
 L 0010e218,8
 L 040393d0,8
 L 04039c38,2
 S 0403a242,2
 L 0010e210,8
 L 04039328,8
 L 0010e218,8
 L 040393d8,8
 L 04039c3a,2
 S 0403a292,2
 L 0010e210,8
 L 04039328,8
 L 0010e218,8
 L 040393e0,8
 L 04039c3c,2
 S 0403a2e2,2
 L 0010e210,8
 L 04039328,8
 L 0010e218,8
 L 040393e8,8
 L 04039c3e,2
 S 0403a332,2
 L 0010e210,8
 L 04039328,8
 L 0010e218,8
 L 040393f0,8
 L 04039c40,2
 S 0403a382,2
 L 0010e210,8
 L 04039328,8
 L 0010e218,8
 L 040393f8,8
 L 04039c42,2
 S 0403a3d2,2
 L 0010e210,8
 L 04039328,8
 L 0010e218,8
 L 04039400,8
 L 04039c44,2
 S 0403a422,2
 L 0010e210,8
 L 04039328,8
 L 0010e218,8
 L 04039408,8
 L 04039c46,2
 S 0403a472,2
 L 0010e210,8
 L 04039328,8
 L 0010e218,8
 L 04039410,8
 L 04039c48,2
 S 0403a4c2,2
 L 0010e210,8
 L 04039328,8
 L 0010e218,8
 L 04039418,8
 L 04039c4a,2
 S 0403a512,2
 L 0010e210,8
 L 04039328,8
 L 0010e218,8
 L 04039420,8
 L 04039c4c,2
 S 0403a562,2
 L 0010e210,8
 L 04039328,8
 L 0010e218,8
 L 04039428,8
 L 04039c4e,2
 S 0403a5b2,2
 L 0010e210,8
 L 04039328,8
 L 0010e218,8
 L 04039430,8
 L 04039c50,2
 S 0403a602,2
 L 0010e210,8
 L 04039328,8
 L 0010e218,8
 L 04039438,8
 L 04039c52,2
 S 0403a652,2
 L 0010e210,8
 L 04039328,8
 L 0010e218,8
 L 04039440,8
 L 04039c54,2
 S 0403a6a2,2
 L 0010e210,8
 L 04039328,8
 L 0010e218,8
 L 04039448,8
 L 04039c56,2
 S 0403a6f2,2
 L 0010e210,8
 L 04039328,8
 L 0010e218,8
 L 04039450,8
 L 04039c58,2
 S 0403a742,2
 L 0010e210,8
 L 04039328,8
 L 0010e218,8
 L 04039458,8
 L 04039c5a,2
 S 0403a792,2
 L 0010e210,8
 L 04039328,8
 L 0010e218,8
 L 04039460,8
 L 04039c5c,2
 S 0403a7e2,2
 L 0010e210,8
 L 04039328,8
 L 0010e218,8
 L 04039468,8
 L 04039c5e,2
 S 0403a832,2
 L 0010e210,8
 L 04039328,8
 L 0010e218,8
 L 04039470,8
 L 04039c60,2
 S 0403a882,2
 L 0010e210,8
 L 04039328,8
 L 0010e218,8
 L 04039478,8
 L 04039c62,2
 S 0403a8d2,2
 L 0010e210,8
 L 04039328,8
 L 0010e218,8
 L 04039480,8
 L 04039c64,2
 S 0403a922,2
 L 0010e210,8
 L 04039328,8
 L 0010e218,8
 L 04039488,8
 L 04039c66,2
 S 0403a972,2
 L 0010e210,8
 L 04039328,8
 L 0010e218,8
 L 04039490,8
 L 04039c68,2
 S 0403a9c2,2
 L 0010e210,8
 L 04039328,8
 L 0010e218,8
 L 04039498,8
 L 04039c6a,2
 S 0403aa12,2
 L 0010e210,8
 L 04039328,8
 L 0010e218,8
 L 040394a0,8
 L 04039c6c,2
 S 0403aa62,2
 L 0010e210,8
 L 04039328,8
 L 0010e218,8
 L 040394a8,8
 L 04039c6e,2
 S 0403aab2,2
 L 0010e210,8
 L 04039330,8
 L 0010e218,8
 L 040393b0,8
 L 04039c80,2
 S 0403a104,2
 L 0010e210,8
 L 04039330,8
 L 0010e218,8
 L 040393b8,8
 L 04039c82,2
 S 0403a154,2
 L 0010e210,8
 L 04039330,8
 L 0010e218,8
 L 040393c0,8
 L 04039c84,2
 S 0403a1a4,2
 L 0010e210,8
 L 04039330,8
 L 0010e218,8
 L 040393c8,8
 L 04039c86,2
 S 0403a1f4,2
 L 0010e210,8
 L 04039330,8
 L 0010e218,8
 L 040393d0,8
 L 04039c88,2
 S 0403a244,2
 L 0010e210,8
 L 04039330,8
 L 0010e218,8
 L 040393d8,8
 L 04039c8a,2
 S 0403a294,2
 L 0010e210,8
 L 04039330,8
 L 0010e218,8
 L 040393e0,8
 L 04039c8c,2
 S 0403a2e4,2
 L 0010e210,8
 L 04039330,8
 L 0010e218,8
 L 040393e8,8
 L 04039c8e,2
 S 0403a334,2
 L 0010e210,8
 L 04039330,8
 L 0010e218,8
 L 040393f0,8
 L 04039c90,2
 S 0403a384,2
 L 0010e210,8
 L 04039330,8
 L 0010e218,8
 L 040393f8,8
 L 04039c92,2
 S 0403a3d4,2
 L 0010e210,8
 L 04039330,8
 L 0010e218,8
 L 04039400,8
 L 04039c94,2
 S 0403a424,2
 L 0010e210,8
 L 04039330,8
 L 0010e218,8
 L 04039408,8
 L 04039c96,2
 S 0403a474,2
 L 0010e210,8
 L 04039330,8
 L 0010e218,8
 L 04039410,8
 L 04039c98,2
 S 0403a4c4,2
 L 0010e210,8
 L 04039330,8
 L 0010e218,8
 L 04039418,8
 L 04039c9a,2
 S 0403a514,2
 L 0010e210,8
 L 04039330,8
 L 0010e218,8
 L 04039420,8
 L 04039c9c,2
 S 0403a564,2
 L 0010e210,8
 L 04039330,8
 L 0010e218,8
 L 04039428,8
 L 04039c9e,2
 S 0403a5b4,2
 L 0010e210,8
 L 04039330,8
 L 0010e218,8
 L 04039430,8
 L 04039ca0,2
 S 0403a604,2
 L 0010e210,8
 L 04039330,8
 L 0010e218,8
 L 04039438,8
 L 04039ca2,2
 S 0403a654,2
 L 0010e210,8
 L 04039330,8
 L 0010e218,8
 L 04039440,8
 L 04039ca4,2
 S 0403a6a4,2
 L 0010e210,8
 L 04039330,8
 L 0010e218,8
 L 04039448,8
 L 04039ca6,2
 S 0403a6f4,2
 L 0010e210,8
 L 04039330,8
 L 0010e218,8
 L 04039450,8
 L 04039ca8,2
 S 0403a744,2
 L 0010e210,8
 L 04039330,8
 L 0010e218,8
 L 04039458,8
 L 04039caa,2
 S 0403a794,2
 L 0010e210,8
 L 04039330,8
 L 0010e218,8
 L 04039460,8
 L 04039cac,2
 S 0403a7e4,2
 L 0010e210,8
 L 04039330,8
 L 0010e218,8
 L 04039468,8
 L 04039cae,2
 S 0403a834,2
 L 0010e210,8
 L 04039330,8
 L 0010e218,8
 L 04039470,8
 L 04039cb0,2
 S 0403a884,2
 L 0010e210,8
 L 04039330,8
 L 0010e218,8
 L 04039478,8
 L 04039cb2,2
 S 0403a8d4,2
 L 0010e210,8
 L 04039330,8
 L 0010e218,8
 L 04039480,8
 L 04039cb4,2
 S 0403a924,2
 L 0010e210,8
 L 04039330,8
 L 0010e218,8
 L 04039488,8
 L 04039cb6,2
 S 0403a974,2
 L 0010e210,8
 L 04039330,8
 L 0010e218,8
 L 04039490,8
 L 04039cb8,2
 S 0403a9c4,2
 L 0010e210,8
 L 04039330,8
 L 0010e218,8
 L 04039498,8
 L 04039cba,2
 S 0403aa14,2
 L 0010e210,8
 L 04039330,8
 L 0010e218,8
 L 040394a0,8
 L 04039cbc,2
 S 0403aa64,2
 L 0010e210,8
 L 04039330,8
 L 0010e218,8
 L 040394a8,8
 L 04039cbe,2
 S 0403aab4,2
 L 0010e210,8
 L 04039338,8
 L 0010e218,8
 L 040393b0,8
 L 04039cd0,2
 S 0403a106,2
 L 0010e210,8
 L 04039338,8
 L 0010e218,8
 L 040393b8,8
 L 04039cd2,2
 S 0403a156,2
 L 0010e210,8
 L 04039338,8
 L 0010e218,8
 L 040393c0,8
 L 04039cd4,2
 S 0403a1a6,2
 L 0010e210,8
 L 04039338,8
 L 0010e218,8
 L 040393c8,8
 L 04039cd6,2
 S 0403a1f6,2
 L 0010e210,8
 L 04039338,8
 L 0010e218,8
 L 040393d0,8
 L 04039cd8,2
 S 0403a246,2
 L 0010e210,8
 L 04039338,8
 L 0010e218,8
 L 040393d8,8
 L 04039cda,2
 S 0403a296,2
 L 0010e210,8
 L 04039338,8
 L 0010e218,8
 L 040393e0,8
 L 04039cdc,2
 S 0403a2e6,2
 L 0010e210,8
 L 04039338,8
 L 0010e218,8
 L 040393e8,8
 L 04039cde,2
 S 0403a336,2
 L 0010e210,8
 L 04039338,8
 L 0010e218,8
 L 040393f0,8
 L 04039ce0,2
 S 0403a386,2
 L 0010e210,8
 L 04039338,8
 L 0010e218,8
 L 040393f8,8
 L 04039ce2,2
 S 0403a3d6,2
 L 0010e210,8
 L 04039338,8
 L 0010e218,8
 L 04039400,8
 L 04039ce4,2
 S 0403a426,2
 L 0010e210,8
 L 04039338,8
 L 0010e218,8
 L 04039408,8
 L 04039ce6,2
 S 0403a476,2
 L 0010e210,8
 L 04039338,8
 L 0010e218,8
 L 04039410,8
 L 04039ce8,2
 S 0403a4c6,2
 L 0010e210,8
 L 04039338,8
 L 0010e218,8
 L 04039418,8
 L 04039cea,2
 S 0403a516,2
 L 0010e210,8
 L 04039338,8
 L 0010e218,8
 L 04039420,8
 L 04039cec,2
 S 0403a566,2
 L 0010e210,8
 L 04039338,8
 L 0010e218,8
 L 04039428,8
 L 04039cee,2
 S 0403a5b6,2
 L 0010e210,8
 L 04039338,8
 L 0010e218,8
 L 04039430,8
 L 04039cf0,2
 S 0403a606,2
 L 0010e210,8
 L 04039338,8
 L 0010e218,8
 L 04039438,8
 L 04039cf2,2
 S 0403a656,2
 L 0010e210,8
 L 04039338,8
 L 0010e218,8
 L 04039440,8
 L 04039cf4,2
 S 0403a6a6,2
 L 0010e210,8
 L 04039338,8
 L 0010e218,8
 L 04039448,8
 L 04039cf6,2
 S 0403a6f6,2
 L 0010e210,8
 L 04039338,8
 L 0010e218,8
 L 04039450,8
 L 04039cf8,2
 S 0403a746,2
 L 0010e210,8
 L 04039338,8
 L 0010e218,8
 L 04039458,8
 L 04039cfa,2
 S 0403a796,2
 L 0010e210,8
 L 04039338,8
 L 0010e218,8
 L 04039460,8
 L 04039cfc,2
 S 0403a7e6,2
 L 0010e210,8
 L 04039338,8
 L 0010e218,8
 L 04039468,8
 L 04039cfe,2
 S 0403a836,2
 L 0010e210,8
 L 04039338,8
 L 0010e218,8
 L 04039470,8
 L 04039d00,2
 S 0403a886,2
 L 0010e210,8
 L 04039338,8
 L 0010e218,8
 L 04039478,8
 L 04039d02,2
 S 0403a8d6,2
 L 0010e210,8
 L 04039338,8
 L 0010e218,8
 L 04039480,8
 L 04039d04,2
 S 0403a926,2
 L 0010e210,8
 L 04039338,8
 L 0010e218,8
 L 04039488,8
 L 04039d06,2
 S 0403a976,2
 L 0010e210,8
 L 04039338,8
 L 0010e218,8
 L 04039490,8
 L 04039d08,2
 S 0403a9c6,2
 L 0010e210,8
 L 04039338,8
 L 0010e218,8
 L 04039498,8
 L 04039d0a,2
 S 0403aa16,2
 L 0010e210,8
 L 04039338,8
 L 0010e218,8
 L 040394a0,8
 L 04039d0c,2
 S 0403aa66,2
 L 0010e210,8
 L 04039338,8
 L 0010e218,8
 L 040394a8,8
 L 04039d0e,2
 S 0403aab6,2
 L 0010e210,8
 L 04039340,8
 L 0010e218,8
 L 040393b0,8
 L 04039d20,2
 S 0403a108,2
 L 0010e210,8
 L 04039340,8
 L 0010e218,8
 L 040393b8,8
 L 04039d22,2
 S 0403a158,2
 L 0010e210,8
 L 04039340,8
 L 0010e218,8
 L 040393c0,8
 L 04039d24,2
 S 0403a1a8,2
 L 0010e210,8
 L 04039340,8
 L 0010e218,8
 L 040393c8,8
 L 04039d26,2
 S 0403a1f8,2
 L 0010e210,8
 L 04039340,8
 L 0010e218,8
 L 040393d0,8
 L 04039d28,2
 S 0403a248,2
 L 0010e210,8
 L 04039340,8
 L 0010e218,8
 L 040393d8,8
 L 04039d2a,2
 S 0403a298,2
 L 0010e210,8
 L 04039340,8
 L 0010e218,8
 L 040393e0,8
 L 04039d2c,2
 S 0403a2e8,2
 L 0010e210,8
 L 04039340,8
 L 0010e218,8
 L 040393e8,8
 L 04039d2e,2
 S 0403a338,2
 L 0010e210,8
 L 04039340,8
 L 0010e218,8
 L 040393f0,8
 L 04039d30,2
 S 0403a388,2
 L 0010e210,8
 L 04039340,8
 L 0010e218,8
 L 040393f8,8
 L 04039d32,2
 S 0403a3d8,2
 L 0010e210,8
 L 04039340,8
 L 0010e218,8
 L 04039400,8
 L 04039d34,2
 S 0403a428,2
 L 0010e210,8
 L 04039340,8
 L 0010e218,8
 L 04039408,8
 L 04039d36,2
 S 0403a478,2
 L 0010e210,8
 L 04039340,8
 L 0010e218,8
 L 04039410,8
 L 04039d38,2
 S 0403a4c8,2
 L 0010e210,8
 L 04039340,8
 L 0010e218,8
 L 04039418,8
 L 04039d3a,2
 S 0403a518,2
 L 0010e210,8
 L 04039340,8
 L 0010e218,8
 L 04039420,8
 L 04039d3c,2
 S 0403a568,2
 L 0010e210,8
 L 04039340,8
 L 0010e218,8
 L 04039428,8
 L 04039d3e,2
 S 0403a5b8,2
 L 0010e210,8
 L 04039340,8
 L 0010e218,8
 L 04039430,8
 L 04039d40,2
 S 0403a608,2
 L 0010e210,8
 L 04039340,8
 L 0010e218,8
 L 04039438,8
 L 04039d42,2
 S 0403a658,2
 L 0010e210,8
 L 04039340,8
 L 0010e218,8
 L 04039440,8
 L 04039d44,2
 S 0403a6a8,2
 L 0010e210,8
 L 04039340,8
 L 0010e218,8
 L 04039448,8
 L 04039d46,2
 S 0403a6f8,2
 L 0010e210,8
 L 04039340,8
 L 0010e218,8
 L 04039450,8
 L 04039d48,2
 S 0403a748,2
 L 0010e210,8
 L 04039340,8
 L 0010e218,8
 L 04039458,8
 L 04039d4a,2
 S 0403a798,2
 L 0010e210,8
 L 04039340,8
 L 0010e218,8
 L 04039460,8
 L 04039d4c,2
 S 0403a7e8,2
 L 0010e210,8
 L 04039340,8
 L 0010e218,8
 L 04039468,8
 L 04039d4e,2
 S 0403a838,2
 L 0010e210,8
 L 04039340,8
 L 0010e218,8
 L 04039470,8
 L 04039d50,2
 S 0403a888,2
 L 0010e210,8
 L 04039340,8
 L 0010e218,8
 L 04039478,8
 L 04039d52,2
 S 0403a8d8,2
 L 0010e210,8
 L 04039340,8
 L 0010e218,8
 L 04039480,8
 L 04039d54,2
 S 0403a928,2
 L 0010e210,8
 L 04039340,8
 L 0010e218,8
 L 04039488,8
 L 04039d56,2
 S 0403a978,2
 L 0010e210,8
 L 04039340,8
 L 0010e218,8
 L 04039490,8
 L 04039d58,2
 S 0403a9c8,2
 L 0010e210,8
 L 04039340,8
 L 0010e218,8
 L 04039498,8
 L 04039d5a,2
 S 0403aa18,2
 L 0010e210,8
 L 04039340,8
 L 0010e218,8
 L 040394a0,8
 L 04039d5c,2
 S 0403aa68,2
 L 0010e210,8
 L 04039340,8
 L 0010e218,8
 L 040394a8,8
 L 04039d5e,2
 S 0403aab8,2
 L 0010e210,8
 L 04039348,8
 L 0010e218,8
 L 040393b0,8
 L 04039d70,2
 S 0403a10a,2
 L 0010e210,8
 L 04039348,8
 L 0010e218,8
 L 040393b8,8
 L 04039d72,2
 S 0403a15a,2
 L 0010e210,8
 L 04039348,8
 L 0010e218,8
 L 040393c0,8
 L 04039d74,2
 S 0403a1aa,2
 L 0010e210,8
 L 04039348,8
 L 0010e218,8
 L 040393c8,8
 L 04039d76,2
 S 0403a1fa,2
 L 0010e210,8
 L 04039348,8
 L 0010e218,8
 L 040393d0,8
 L 04039d78,2
 S 0403a24a,2
 L 0010e210,8
 L 04039348,8
 L 0010e218,8
 L 040393d8,8
 L 04039d7a,2
 S 0403a29a,2
 L 0010e210,8
 L 04039348,8
 L 0010e218,8
 L 040393e0,8
 L 04039d7c,2
 S 0403a2ea,2
 L 0010e210,8
 L 04039348,8
 L 0010e218,8
 L 040393e8,8
 L 04039d7e,2
 S 0403a33a,2
 L 0010e210,8
 L 04039348,8
 L 0010e218,8
 L 040393f0,8
 L 04039d80,2
 S 0403a38a,2
 L 0010e210,8
 L 04039348,8
 L 0010e218,8
 L 040393f8,8
 L 04039d82,2
 S 0403a3da,2
 L 0010e210,8
 L 04039348,8
 L 0010e218,8
 L 04039400,8
 L 04039d84,2
 S 0403a42a,2
 L 0010e210,8
 L 04039348,8
 L 0010e218,8
 L 04039408,8
 L 04039d86,2
 S 0403a47a,2
 L 0010e210,8
 L 04039348,8
 L 0010e218,8
 L 04039410,8
 L 04039d88,2
 S 0403a4ca,2
 L 0010e210,8
 L 04039348,8
 L 0010e218,8
 L 04039418,8
 L 04039d8a,2
 S 0403a51a,2
 L 0010e210,8
 L 04039348,8
 L 0010e218,8
 L 04039420,8
 L 04039d8c,2
 S 0403a56a,2
 L 0010e210,8
 L 04039348,8
 L 0010e218,8
 L 04039428,8
 L 04039d8e,2
 S 0403a5ba,2
 L 0010e210,8
 L 04039348,8
 L 0010e218,8
 L 04039430,8
 L 04039d90,2
 S 0403a60a,2
 L 0010e210,8
 L 04039348,8
 L 0010e218,8
 L 04039438,8
 L 04039d92,2
 S 0403a65a,2
 L 0010e210,8
 L 04039348,8
 L 0010e218,8
 L 04039440,8
 L 04039d94,2
 S 0403a6aa,2
 L 0010e210,8
 L 04039348,8
 L 0010e218,8
 L 04039448,8
 L 04039d96,2
 S 0403a6fa,2
 L 0010e210,8
 L 04039348,8
 L 0010e218,8
 L 04039450,8
 L 04039d98,2
 S 0403a74a,2
 L 0010e210,8
 L 04039348,8
 L 0010e218,8
 L 04039458,8
 L 04039d9a,2
 S 0403a79a,2
 L 0010e210,8
 L 04039348,8
 L 0010e218,8
 L 04039460,8
 L 04039d9c,2
 S 0403a7ea,2
 L 0010e210,8
 L 04039348,8
 L 0010e218,8
 L 04039468,8
 L 04039d9e,2
 S 0403a83a,2
 L 0010e210,8
 L 04039348,8
 L 0010e218,8
 L 04039470,8
 L 04039da0,2
 S 0403a88a,2
 L 0010e210,8
 L 04039348,8
 L 0010e218,8
 L 04039478,8
 L 04039da2,2
 S 0403a8da,2
 L 0010e210,8
 L 04039348,8
 L 0010e218,8
 L 04039480,8
 L 04039da4,2
 S 0403a92a,2
 L 0010e210,8
 L 04039348,8
 L 0010e218,8
 L 04039488,8
 L 04039da6,2
 S 0403a97a,2
 L 0010e210,8
 L 04039348,8
 L 0010e218,8
 L 04039490,8
 L 04039da8,2
 S 0403a9ca,2
 L 0010e210,8
 L 04039348,8
 L 0010e218,8
 L 04039498,8
 L 04039daa,2
 S 0403aa1a,2
 L 0010e210,8
 L 04039348,8
 L 0010e218,8
 L 040394a0,8
 L 04039dac,2
 S 0403aa6a,2
 L 0010e210,8
 L 04039348,8
 L 0010e218,8
 L 040394a8,8
 L 04039dae,2
 S 0403aaba,2
 L 0010e210,8
 L 04039350,8
 L 0010e218,8
 L 040393b0,8
 L 04039dc0,2
 S 0403a10c,2
 L 0010e210,8
 L 04039350,8
 L 0010e218,8
 L 040393b8,8
 L 04039dc2,2
 S 0403a15c,2
 L 0010e210,8
 L 04039350,8
 L 0010e218,8
 L 040393c0,8
 L 04039dc4,2
 S 0403a1ac,2
 L 0010e210,8
 L 04039350,8
 L 0010e218,8
 L 040393c8,8
 L 04039dc6,2
 S 0403a1fc,2
 L 0010e210,8
 L 04039350,8
 L 0010e218,8
 L 040393d0,8
 L 04039dc8,2
 S 0403a24c,2
 L 0010e210,8
 L 04039350,8
 L 0010e218,8
 L 040393d8,8
 L 04039dca,2
 S 0403a29c,2
 L 0010e210,8
 L 04039350,8
 L 0010e218,8
 L 040393e0,8
 L 04039dcc,2
 S 0403a2ec,2
 L 0010e210,8
 L 04039350,8
 L 0010e218,8
 L 040393e8,8
 L 04039dce,2
 S 0403a33c,2
 L 0010e210,8
 L 04039350,8
 L 0010e218,8
 L 040393f0,8
 L 04039dd0,2
 S 0403a38c,2
 L 0010e210,8
 L 04039350,8
 L 0010e218,8
 L 040393f8,8
 L 04039dd2,2
 S 0403a3dc,2
 L 0010e210,8
 L 04039350,8
 L 0010e218,8
 L 04039400,8
 L 04039dd4,2
 S 0403a42c,2
 L 0010e210,8
 L 04039350,8
 L 0010e218,8
 L 04039408,8
 L 04039dd6,2
 S 0403a47c,2
 L 0010e210,8
 L 04039350,8
 L 0010e218,8
 L 04039410,8
 L 04039dd8,2
 S 0403a4cc,2
 L 0010e210,8
 L 04039350,8
 L 0010e218,8
 L 04039418,8
 L 04039dda,2
 S 0403a51c,2
 L 0010e210,8
 L 04039350,8
 L 0010e218,8
 L 04039420,8
 L 04039ddc,2
 S 0403a56c,2
 L 0010e210,8
 L 04039350,8
 L 0010e218,8
 L 04039428,8
 L 04039dde,2
 S 0403a5bc,2
 L 0010e210,8
 L 04039350,8
 L 0010e218,8
 L 04039430,8
 L 04039de0,2
 S 0403a60c,2
 L 0010e210,8
 L 04039350,8
 L 0010e218,8
 L 04039438,8
 L 04039de2,2
 S 0403a65c,2
 L 0010e210,8
 L 04039350,8
 L 0010e218,8
 L 04039440,8
 L 04039de4,2
 S 0403a6ac,2
 L 0010e210,8
 L 04039350,8
 L 0010e218,8
 L 04039448,8
 L 04039de6,2
 S 0403a6fc,2
 L 0010e210,8
 L 04039350,8
 L 0010e218,8
 L 04039450,8
 L 04039de8,2
 S 0403a74c,2
 L 0010e210,8
 L 04039350,8
 L 0010e218,8
 L 04039458,8
 L 04039dea,2
 S 0403a79c,2
 L 0010e210,8
 L 04039350,8
 L 0010e218,8
 L 04039460,8
 L 04039dec,2
 S 0403a7ec,2
 L 0010e210,8
 L 04039350,8
 L 0010e218,8
 L 04039468,8
 L 04039dee,2
 S 0403a83c,2
 L 0010e210,8
 L 04039350,8
 L 0010e218,8
 L 04039470,8
 L 04039df0,2
 S 0403a88c,2
 L 0010e210,8
 L 04039350,8
 L 0010e218,8
 L 04039478,8
 L 04039df2,2
 S 0403a8dc,2
 L 0010e210,8
 L 04039350,8
 L 0010e218,8
 L 04039480,8
 L 04039df4,2
 S 0403a92c,2
 L 0010e210,8
 L 04039350,8
 L 0010e218,8
 L 04039488,8
 L 04039df6,2
 S 0403a97c,2
 L 0010e210,8
 L 04039350,8
 L 0010e218,8
 L 04039490,8
 L 04039df8,2
 S 0403a9cc,2
 L 0010e210,8
 L 04039350,8
 L 0010e218,8
 L 04039498,8
 L 04039dfa,2
 S 0403aa1c,2
 L 0010e210,8
 L 04039350,8
 L 0010e218,8
 L 040394a0,8
 L 04039dfc,2
 S 0403aa6c,2
 L 0010e210,8
 L 04039350,8
 L 0010e218,8
 L 040394a8,8
 L 04039dfe,2
 S 0403aabc,2
 L 0010e210,8
 L 04039358,8
 L 0010e218,8
 L 040393b0,8
 L 04039e10,2
 S 0403a10e,2
 L 0010e210,8
 L 04039358,8
 L 0010e218,8
 L 040393b8,8
 L 04039e12,2
 S 0403a15e,2
 L 0010e210,8
 L 04039358,8
 L 0010e218,8
 L 040393c0,8
 L 04039e14,2
 S 0403a1ae,2
 L 0010e210,8
 L 04039358,8
 L 0010e218,8
 L 040393c8,8
 L 04039e16,2
 S 0403a1fe,2
 L 0010e210,8
 L 04039358,8
 L 0010e218,8
 L 040393d0,8
 L 04039e18,2
 S 0403a24e,2
 L 0010e210,8
 L 04039358,8
 L 0010e218,8
 L 040393d8,8
 L 04039e1a,2
 S 0403a29e,2
 L 0010e210,8
 L 04039358,8
 L 0010e218,8
 L 040393e0,8
 L 04039e1c,2
 S 0403a2ee,2
 L 0010e210,8
 L 04039358,8
 L 0010e218,8
 L 040393e8,8
 L 04039e1e,2
 S 0403a33e,2
 L 0010e210,8
 L 04039358,8
 L 0010e218,8
 L 040393f0,8
 L 04039e20,2
 S 0403a38e,2
 L 0010e210,8
 L 04039358,8
 L 0010e218,8
 L 040393f8,8
 L 04039e22,2
 S 0403a3de,2
 L 0010e210,8
 L 04039358,8
 L 0010e218,8
 L 04039400,8
 L 04039e24,2
 S 0403a42e,2
 L 0010e210,8
 L 04039358,8
 L 0010e218,8
 L 04039408,8
 L 04039e26,2
 S 0403a47e,2
 L 0010e210,8
 L 04039358,8
 L 0010e218,8
 L 04039410,8
 L 04039e28,2
 S 0403a4ce,2
 L 0010e210,8
 L 04039358,8
 L 0010e218,8
 L 04039418,8
 L 04039e2a,2
 S 0403a51e,2
 L 0010e210,8
 L 04039358,8
 L 0010e218,8
 L 04039420,8
 L 04039e2c,2
 S 0403a56e,2
 L 0010e210,8
 L 04039358,8
 L 0010e218,8
 L 04039428,8
 L 04039e2e,2
 S 0403a5be,2
 L 0010e210,8
 L 04039358,8
 L 0010e218,8
 L 04039430,8
 L 04039e30,2
 S 0403a60e,2
 L 0010e210,8
 L 04039358,8
 L 0010e218,8
 L 04039438,8
 L 04039e32,2
 S 0403a65e,2
 L 0010e210,8
 L 04039358,8
 L 0010e218,8
 L 04039440,8
 L 04039e34,2
 S 0403a6ae,2
 L 0010e210,8
 L 04039358,8
 L 0010e218,8
 L 04039448,8
 L 04039e36,2
 S 0403a6fe,2
 L 0010e210,8
 L 04039358,8
 L 0010e218,8
 L 04039450,8
 L 04039e38,2
 S 0403a74e,2
 L 0010e210,8
 L 04039358,8
 L 0010e218,8
 L 04039458,8
 L 04039e3a,2
 S 0403a79e,2
 L 0010e210,8
 L 04039358,8
 L 0010e218,8
 L 04039460,8
 L 04039e3c,2
 S 0403a7ee,2
 L 0010e210,8
 L 04039358,8
 L 0010e218,8
 L 04039468,8
 L 04039e3e,2
 S 0403a83e,2
 L 0010e210,8
 L 04039358,8
 L 0010e218,8
 L 04039470,8
 L 04039e40,2
 S 0403a88e,2
 L 0010e210,8
 L 04039358,8
 L 0010e218,8
 L 04039478,8
 L 04039e42,2
 S 0403a8de,2
 L 0010e210,8
 L 04039358,8
 L 0010e218,8
 L 04039480,8
 L 04039e44,2
 S 0403a92e,2
 L 0010e210,8
 L 04039358,8
 L 0010e218,8
 L 04039488,8
 L 04039e46,2
 S 0403a97e,2
 L 0010e210,8
 L 04039358,8
 L 0010e218,8
 L 04039490,8
 L 04039e48,2
 S 0403a9ce,2
 L 0010e210,8
 L 04039358,8
 L 0010e218,8
 L 04039498,8
 L 04039e4a,2
 S 0403aa1e,2
 L 0010e210,8
 L 04039358,8
 L 0010e218,8
 L 040394a0,8
 L 04039e4c,2
 S 0403aa6e,2
 L 0010e210,8
 L 04039358,8
 L 0010e218,8
 L 040394a8,8
 L 04039e4e,2
 S 0403aabe,2
 L 0010e210,8
 L 04039360,8
 L 0010e218,8
 L 040393b0,8
 L 04039e60,2
 S 0403a110,2
 L 0010e210,8
 L 04039360,8
 L 0010e218,8
 L 040393b8,8
 L 04039e62,2
 S 0403a160,2
 L 0010e210,8
 L 04039360,8
 L 0010e218,8
 L 040393c0,8
 L 04039e64,2
 S 0403a1b0,2
 L 0010e210,8
 L 04039360,8
 L 0010e218,8
 L 040393c8,8
 L 04039e66,2
 S 0403a200,2
 L 0010e210,8
 L 04039360,8
 L 0010e218,8
 L 040393d0,8
 L 04039e68,2
 S 0403a250,2
 L 0010e210,8
 L 04039360,8
 L 0010e218,8
 L 040393d8,8
 L 04039e6a,2
 S 0403a2a0,2
 L 0010e210,8
 L 04039360,8
 L 0010e218,8
 L 040393e0,8
 L 04039e6c,2
 S 0403a2f0,2
 L 0010e210,8
 L 04039360,8
 L 0010e218,8
 L 040393e8,8
 L 04039e6e,2
 S 0403a340,2
 L 0010e210,8
 L 04039360,8
 L 0010e218,8
 L 040393f0,8
 L 04039e70,2
 S 0403a390,2
 L 0010e210,8
 L 04039360,8
 L 0010e218,8
 L 040393f8,8
 L 04039e72,2
 S 0403a3e0,2
 L 0010e210,8
 L 04039360,8
 L 0010e218,8
 L 04039400,8
 L 04039e74,2
 S 0403a430,2
 L 0010e210,8
 L 04039360,8
 L 0010e218,8
 L 04039408,8
 L 04039e76,2
 S 0403a480,2
 L 0010e210,8
 L 04039360,8
 L 0010e218,8
 L 04039410,8
 L 04039e78,2
 S 0403a4d0,2
 L 0010e210,8
 L 04039360,8
 L 0010e218,8
 L 04039418,8
 L 04039e7a,2
 S 0403a520,2
 L 0010e210,8
 L 04039360,8
 L 0010e218,8
 L 04039420,8
 L 04039e7c,2
 S 0403a570,2
 L 0010e210,8
 L 04039360,8
 L 0010e218,8
 L 04039428,8
 L 04039e7e,2
 S 0403a5c0,2
 L 0010e210,8
 L 04039360,8
 L 0010e218,8
 L 04039430,8
 L 04039e80,2
 S 0403a610,2
 L 0010e210,8
 L 04039360,8
 L 0010e218,8
 L 04039438,8
 L 04039e82,2
 S 0403a660,2
 L 0010e210,8
 L 04039360,8
 L 0010e218,8
 L 04039440,8
 L 04039e84,2
 S 0403a6b0,2
 L 0010e210,8
 L 04039360,8
 L 0010e218,8
 L 04039448,8
 L 04039e86,2
 S 0403a700,2
 L 0010e210,8
 L 04039360,8
 L 0010e218,8
 L 04039450,8
 L 04039e88,2
 S 0403a750,2
 L 0010e210,8
 L 04039360,8
 L 0010e218,8
 L 04039458,8
 L 04039e8a,2
 S 0403a7a0,2
 L 0010e210,8
 L 04039360,8
 L 0010e218,8
 L 04039460,8
 L 04039e8c,2
 S 0403a7f0,2
 L 0010e210,8
 L 04039360,8
 L 0010e218,8
 L 04039468,8
 L 04039e8e,2
 S 0403a840,2
 L 0010e210,8
 L 04039360,8
 L 0010e218,8
 L 04039470,8
 L 04039e90,2
 S 0403a890,2
 L 0010e210,8
 L 04039360,8
 L 0010e218,8
 L 04039478,8
 L 04039e92,2
 S 0403a8e0,2
 L 0010e210,8
 L 04039360,8
 L 0010e218,8
 L 04039480,8
 L 04039e94,2
 S 0403a930,2
 L 0010e210,8
 L 04039360,8
 L 0010e218,8
 L 04039488,8
 L 04039e96,2
 S 0403a980,2
 L 0010e210,8
 L 04039360,8
 L 0010e218,8
 L 04039490,8
 L 04039e98,2
 S 0403a9d0,2
 L 0010e210,8
 L 04039360,8
 L 0010e218,8
 L 04039498,8
 L 04039e9a,2
 S 0403aa20,2
 L 0010e210,8
 L 04039360,8
 L 0010e218,8
 L 040394a0,8
 L 04039e9c,2
 S 0403aa70,2
 L 0010e210,8
 L 04039360,8
 L 0010e218,8
 L 040394a8,8
 L 04039e9e,2
 S 0403aac0,2
 L 0010e210,8
 L 04039368,8
 L 0010e218,8
 L 040393b0,8
 L 04039eb0,2
 S 0403a112,2
 L 0010e210,8
 L 04039368,8
 L 0010e218,8
 L 040393b8,8
 L 04039eb2,2
 S 0403a162,2
 L 0010e210,8
 L 04039368,8
 L 0010e218,8
 L 040393c0,8
 L 04039eb4,2
 S 0403a1b2,2
 L 0010e210,8
 L 04039368,8
 L 0010e218,8
 L 040393c8,8
 L 04039eb6,2
 S 0403a202,2
 L 0010e210,8
 L 04039368,8
 L 0010e218,8
 L 040393d0,8
 L 04039eb8,2
 S 0403a252,2
 L 0010e210,8
 L 04039368,8
 L 0010e218,8
 L 040393d8,8
 L 04039eba,2
 S 0403a2a2,2
 L 0010e210,8
 L 04039368,8
 L 0010e218,8
 L 040393e0,8
 L 04039ebc,2
 S 0403a2f2,2
 L 0010e210,8
 L 04039368,8
 L 0010e218,8
 L 040393e8,8
 L 04039ebe,2
 S 0403a342,2
 L 0010e210,8
 L 04039368,8
 L 0010e218,8
 L 040393f0,8
 L 04039ec0,2
 S 0403a392,2
 L 0010e210,8
 L 04039368,8
 L 0010e218,8
 L 040393f8,8
 L 04039ec2,2
 S 0403a3e2,2
 L 0010e210,8
 L 04039368,8
 L 0010e218,8
 L 04039400,8
 L 04039ec4,2
 S 0403a432,2
 L 0010e210,8
 L 04039368,8
 L 0010e218,8
 L 04039408,8
 L 04039ec6,2
 S 0403a482,2
 L 0010e210,8
 L 04039368,8
 L 0010e218,8
 L 04039410,8
 L 04039ec8,2
 S 0403a4d2,2
 L 0010e210,8
 L 04039368,8
 L 0010e218,8
 L 04039418,8
 L 04039eca,2
 S 0403a522,2
 L 0010e210,8
 L 04039368,8
 L 0010e218,8
 L 04039420,8
 L 04039ecc,2
 S 0403a572,2
 L 0010e210,8
 L 04039368,8
 L 0010e218,8
 L 04039428,8
 L 04039ece,2
 S 0403a5c2,2
 L 0010e210,8
 L 04039368,8
 L 0010e218,8
 L 04039430,8
 L 04039ed0,2
 S 0403a612,2
 L 0010e210,8
 L 04039368,8
 L 0010e218,8
 L 04039438,8
 L 04039ed2,2
 S 0403a662,2
 L 0010e210,8
 L 04039368,8
 L 0010e218,8
 L 04039440,8
 L 04039ed4,2
 S 0403a6b2,2
 L 0010e210,8
 L 04039368,8
 L 0010e218,8
 L 04039448,8
 L 04039ed6,2
 S 0403a702,2
 L 0010e210,8
 L 04039368,8
 L 0010e218,8
 L 04039450,8
 L 04039ed8,2
 S 0403a752,2
 L 0010e210,8
 L 04039368,8
 L 0010e218,8
 L 04039458,8
 L 04039eda,2
 S 0403a7a2,2
 L 0010e210,8
 L 04039368,8
 L 0010e218,8
 L 04039460,8
 L 04039edc,2
 S 0403a7f2,2
 L 0010e210,8
 L 04039368,8
 L 0010e218,8
 L 04039468,8
 L 04039ede,2
 S 0403a842,2
 L 0010e210,8
 L 04039368,8
 L 0010e218,8
 L 04039470,8
 L 04039ee0,2
 S 0403a892,2
 L 0010e210,8
 L 04039368,8
 L 0010e218,8
 L 04039478,8
 L 04039ee2,2
 S 0403a8e2,2
 L 0010e210,8
 L 04039368,8
 L 0010e218,8
 L 04039480,8
 L 04039ee4,2
 S 0403a932,2
 L 0010e210,8
 L 04039368,8
 L 0010e218,8
 L 04039488,8
 L 04039ee6,2
 S 0403a982,2
 L 0010e210,8
 L 04039368,8
 L 0010e218,8
 L 04039490,8
 L 04039ee8,2
 S 0403a9d2,2
 L 0010e210,8
 L 04039368,8
 L 0010e218,8
 L 04039498,8
 L 04039eea,2
 S 0403aa22,2
 L 0010e210,8
 L 04039368,8
 L 0010e218,8
 L 040394a0,8
 L 04039eec,2
 S 0403aa72,2
 L 0010e210,8
 L 04039368,8
 L 0010e218,8
 L 040394a8,8
 L 04039eee,2
 S 0403aac2,2
 L 0010e210,8
 L 04039370,8
 L 0010e218,8
 L 040393b0,8
 L 04039f00,2
 S 0403a114,2
 L 0010e210,8
 L 04039370,8
 L 0010e218,8
 L 040393b8,8
 L 04039f02,2
 S 0403a164,2
 L 0010e210,8
 L 04039370,8
 L 0010e218,8
 L 040393c0,8
 L 04039f04,2
 S 0403a1b4,2
 L 0010e210,8
 L 04039370,8
 L 0010e218,8
 L 040393c8,8
 L 04039f06,2
 S 0403a204,2
 L 0010e210,8
 L 04039370,8
 L 0010e218,8
 L 040393d0,8
 L 04039f08,2
 S 0403a254,2
 L 0010e210,8
 L 04039370,8
 L 0010e218,8
 L 040393d8,8
 L 04039f0a,2
 S 0403a2a4,2
 L 0010e210,8
 L 04039370,8
 L 0010e218,8
 L 040393e0,8
 L 04039f0c,2
 S 0403a2f4,2
 L 0010e210,8
 L 04039370,8
 L 0010e218,8
 L 040393e8,8
 L 04039f0e,2
 S 0403a344,2
 L 0010e210,8
 L 04039370,8
 L 0010e218,8
 L 040393f0,8
 L 04039f10,2
 S 0403a394,2
 L 0010e210,8
 L 04039370,8
 L 0010e218,8
 L 040393f8,8
 L 04039f12,2
 S 0403a3e4,2
 L 0010e210,8
 L 04039370,8
 L 0010e218,8
 L 04039400,8
 L 04039f14,2
 S 0403a434,2
 L 0010e210,8
 L 04039370,8
 L 0010e218,8
 L 04039408,8
 L 04039f16,2
 S 0403a484,2
 L 0010e210,8
 L 04039370,8
 L 0010e218,8
 L 04039410,8
 L 04039f18,2
 S 0403a4d4,2
 L 0010e210,8
 L 04039370,8
 L 0010e218,8
 L 04039418,8
 L 04039f1a,2
 S 0403a524,2
 L 0010e210,8
 L 04039370,8
 L 0010e218,8
 L 04039420,8
 L 04039f1c,2
 S 0403a574,2
 L 0010e210,8
 L 04039370,8
 L 0010e218,8
 L 04039428,8
 L 04039f1e,2
 S 0403a5c4,2
 L 0010e210,8
 L 04039370,8
 L 0010e218,8
 L 04039430,8
 L 04039f20,2
 S 0403a614,2
 L 0010e210,8
 L 04039370,8
 L 0010e218,8
 L 04039438,8
 L 04039f22,2
 S 0403a664,2
 L 0010e210,8
 L 04039370,8
 L 0010e218,8
 L 04039440,8
 L 04039f24,2
 S 0403a6b4,2
 L 0010e210,8
 L 04039370,8
 L 0010e218,8
 L 04039448,8
 L 04039f26,2
 S 0403a704,2
 L 0010e210,8
 L 04039370,8
 L 0010e218,8
 L 04039450,8
 L 04039f28,2
 S 0403a754,2
 L 0010e210,8
 L 04039370,8
 L 0010e218,8
 L 04039458,8
 L 04039f2a,2
 S 0403a7a4,2
 L 0010e210,8
 L 04039370,8
 L 0010e218,8
 L 04039460,8
 L 04039f2c,2
 S 0403a7f4,2
 L 0010e210,8
 L 04039370,8
 L 0010e218,8
 L 04039468,8
 L 04039f2e,2
 S 0403a844,2
 L 0010e210,8
 L 04039370,8
 L 0010e218,8
 L 04039470,8
 L 04039f30,2
 S 0403a894,2
 L 0010e210,8
 L 04039370,8
 L 0010e218,8
 L 04039478,8
 L 04039f32,2
 S 0403a8e4,2
 L 0010e210,8
 L 04039370,8
 L 0010e218,8
 L 04039480,8
 L 04039f34,2
 S 0403a934,2
 L 0010e210,8
 L 04039370,8
 L 0010e218,8
 L 04039488,8
 L 04039f36,2
 S 0403a984,2
 L 0010e210,8
 L 04039370,8
 L 0010e218,8
 L 04039490,8
 L 04039f38,2
 S 0403a9d4,2
 L 0010e210,8
 L 04039370,8
 L 0010e218,8
 L 04039498,8
 L 04039f3a,2
 S 0403aa24,2
 L 0010e210,8
 L 04039370,8
 L 0010e218,8
 L 040394a0,8
 L 04039f3c,2
 S 0403aa74,2
 L 0010e210,8
 L 04039370,8
 L 0010e218,8
 L 040394a8,8
 L 04039f3e,2
 S 0403aac4,2
 L 0010e210,8
 L 04039378,8
 L 0010e218,8
 L 040393b0,8
 L 04039f50,2
 S 0403a116,2
 L 0010e210,8
 L 04039378,8
 L 0010e218,8
 L 040393b8,8
 L 04039f52,2
 S 0403a166,2
 L 0010e210,8
 L 04039378,8
 L 0010e218,8
 L 040393c0,8
 L 04039f54,2
 S 0403a1b6,2
 L 0010e210,8
 L 04039378,8
 L 0010e218,8
 L 040393c8,8
 L 04039f56,2
 S 0403a206,2
 L 0010e210,8
 L 04039378,8
 L 0010e218,8
 L 040393d0,8
 L 04039f58,2
 S 0403a256,2
 L 0010e210,8
 L 04039378,8
 L 0010e218,8
 L 040393d8,8
 L 04039f5a,2
 S 0403a2a6,2
 L 0010e210,8
 L 04039378,8
 L 0010e218,8
 L 040393e0,8
 L 04039f5c,2
 S 0403a2f6,2
 L 0010e210,8
 L 04039378,8
 L 0010e218,8
 L 040393e8,8
 L 04039f5e,2
 S 0403a346,2
 L 0010e210,8
 L 04039378,8
 L 0010e218,8
 L 040393f0,8
 L 04039f60,2
 S 0403a396,2
 L 0010e210,8
 L 04039378,8
 L 0010e218,8
 L 040393f8,8
 L 04039f62,2
 S 0403a3e6,2
 L 0010e210,8
 L 04039378,8
 L 0010e218,8
 L 04039400,8
 L 04039f64,2
 S 0403a436,2
 L 0010e210,8
 L 04039378,8
 L 0010e218,8
 L 04039408,8
 L 04039f66,2
 S 0403a486,2
 L 0010e210,8
 L 04039378,8
 L 0010e218,8
 L 04039410,8
 L 04039f68,2
 S 0403a4d6,2
 L 0010e210,8
 L 04039378,8
 L 0010e218,8
 L 04039418,8
 L 04039f6a,2
 S 0403a526,2
 L 0010e210,8
 L 04039378,8
 L 0010e218,8
 L 04039420,8
 L 04039f6c,2
 S 0403a576,2
 L 0010e210,8
 L 04039378,8
 L 0010e218,8
 L 04039428,8
 L 04039f6e,2
 S 0403a5c6,2
 L 0010e210,8
 L 04039378,8
 L 0010e218,8
 L 04039430,8
 L 04039f70,2
 S 0403a616,2
 L 0010e210,8
 L 04039378,8
 L 0010e218,8
 L 04039438,8
 L 04039f72,2
 S 0403a666,2
 L 0010e210,8
 L 04039378,8
 L 0010e218,8
 L 04039440,8
 L 04039f74,2
 S 0403a6b6,2
 L 0010e210,8
 L 04039378,8
 L 0010e218,8
 L 04039448,8
 L 04039f76,2
 S 0403a706,2
 L 0010e210,8
 L 04039378,8
 L 0010e218,8
 L 04039450,8
 L 04039f78,2
 S 0403a756,2
 L 0010e210,8
 L 04039378,8
 L 0010e218,8
 L 04039458,8
 L 04039f7a,2
 S 0403a7a6,2
 L 0010e210,8
 L 04039378,8
 L 0010e218,8
 L 04039460,8
 L 04039f7c,2
 S 0403a7f6,2
 L 0010e210,8
 L 04039378,8
 L 0010e218,8
 L 04039468,8
 L 04039f7e,2
 S 0403a846,2
 L 0010e210,8
 L 04039378,8
 L 0010e218,8
 L 04039470,8
 L 04039f80,2
 S 0403a896,2
 L 0010e210,8
 L 04039378,8
 L 0010e218,8
 L 04039478,8
 L 04039f82,2
 S 0403a8e6,2
 L 0010e210,8
 L 04039378,8
 L 0010e218,8
 L 04039480,8
 L 04039f84,2
 S 0403a936,2
 L 0010e210,8
 L 04039378,8
 L 0010e218,8
 L 04039488,8
 L 04039f86,2
 S 0403a986,2
 L 0010e210,8
 L 04039378,8
 L 0010e218,8
 L 04039490,8
 L 04039f88,2
 S 0403a9d6,2
 L 0010e210,8
 L 04039378,8
 L 0010e218,8
 L 04039498,8
 L 04039f8a,2
 S 0403aa26,2
 L 0010e210,8
 L 04039378,8
 L 0010e218,8
 L 040394a0,8
 L 04039f8c,2
 S 0403aa76,2
 L 0010e210,8
 L 04039378,8
 L 0010e218,8
 L 040394a8,8
 L 04039f8e,2
 S 0403aac6,2
 L 0010e210,8
 L 04039380,8
 L 0010e218,8
 L 040393b0,8
 L 04039fa0,2
 S 0403a118,2
 L 0010e210,8
 L 04039380,8
 L 0010e218,8
 L 040393b8,8
 L 04039fa2,2
 S 0403a168,2
 L 0010e210,8
 L 04039380,8
 L 0010e218,8
 L 040393c0,8
 L 04039fa4,2
 S 0403a1b8,2
 L 0010e210,8
 L 04039380,8
 L 0010e218,8
 L 040393c8,8
 L 04039fa6,2
 S 0403a208,2
 L 0010e210,8
 L 04039380,8
 L 0010e218,8
 L 040393d0,8
 L 04039fa8,2
 S 0403a258,2
 L 0010e210,8
 L 04039380,8
 L 0010e218,8
 L 040393d8,8
 L 04039faa,2
 S 0403a2a8,2
 L 0010e210,8
 L 04039380,8
 L 0010e218,8
 L 040393e0,8
 L 04039fac,2
 S 0403a2f8,2
 L 0010e210,8
 L 04039380,8
 L 0010e218,8
 L 040393e8,8
 L 04039fae,2
 S 0403a348,2
 L 0010e210,8
 L 04039380,8
 L 0010e218,8
 L 040393f0,8
 L 04039fb0,2
 S 0403a398,2
 L 0010e210,8
 L 04039380,8
 L 0010e218,8
 L 040393f8,8
 L 04039fb2,2
 S 0403a3e8,2
 L 0010e210,8
 L 04039380,8
 L 0010e218,8
 L 04039400,8
 L 04039fb4,2
 S 0403a438,2
 L 0010e210,8
 L 04039380,8
 L 0010e218,8
 L 04039408,8
 L 04039fb6,2
 S 0403a488,2
 L 0010e210,8
 L 04039380,8
 L 0010e218,8
 L 04039410,8
 L 04039fb8,2
 S 0403a4d8,2
 L 0010e210,8
 L 04039380,8
 L 0010e218,8
 L 04039418,8
 L 04039fba,2
 S 0403a528,2
 L 0010e210,8
 L 04039380,8
 L 0010e218,8
 L 04039420,8
 L 04039fbc,2
 S 0403a578,2
 L 0010e210,8
 L 04039380,8
 L 0010e218,8
 L 04039428,8
 L 04039fbe,2
 S 0403a5c8,2
 L 0010e210,8
 L 04039380,8
 L 0010e218,8
 L 04039430,8
 L 04039fc0,2
 S 0403a618,2
 L 0010e210,8
 L 04039380,8
 L 0010e218,8
 L 04039438,8
 L 04039fc2,2
 S 0403a668,2
 L 0010e210,8
 L 04039380,8
 L 0010e218,8
 L 04039440,8
 L 04039fc4,2
 S 0403a6b8,2
 L 0010e210,8
 L 04039380,8
 L 0010e218,8
 L 04039448,8
 L 04039fc6,2
 S 0403a708,2
 L 0010e210,8
 L 04039380,8
 L 0010e218,8
 L 04039450,8
 L 04039fc8,2
 S 0403a758,2
 L 0010e210,8
 L 04039380,8
 L 0010e218,8
 L 04039458,8
 L 04039fca,2
 S 0403a7a8,2
 L 0010e210,8
 L 04039380,8
 L 0010e218,8
 L 04039460,8
 L 04039fcc,2
 S 0403a7f8,2
 L 0010e210,8
 L 04039380,8
 L 0010e218,8
 L 04039468,8
 L 04039fce,2
 S 0403a848,2
 L 0010e210,8
 L 04039380,8
 L 0010e218,8
 L 04039470,8
 L 04039fd0,2
 S 0403a898,2
 L 0010e210,8
 L 04039380,8
 L 0010e218,8
 L 04039478,8
 L 04039fd2,2
 S 0403a8e8,2
 L 0010e210,8
 L 04039380,8
 L 0010e218,8
 L 04039480,8
 L 04039fd4,2
 S 0403a938,2
 L 0010e210,8
 L 04039380,8
 L 0010e218,8
 L 04039488,8
 L 04039fd6,2
 S 0403a988,2
 L 0010e210,8
 L 04039380,8
 L 0010e218,8
 L 04039490,8
 L 04039fd8,2
 S 0403a9d8,2
 L 0010e210,8
 L 04039380,8
 L 0010e218,8
 L 04039498,8
 L 04039fda,2
 S 0403aa28,2
 L 0010e210,8
 L 04039380,8
 L 0010e218,8
 L 040394a0,8
 L 04039fdc,2
 S 0403aa78,2
 L 0010e210,8
 L 04039380,8
 L 0010e218,8
 L 040394a8,8
 L 04039fde,2
 S 0403aac8,2
 L 0010e210,8
 L 04039388,8
 L 0010e218,8
 L 040393b0,8
 L 04039ff0,2
 S 0403a11a,2
 L 0010e210,8
 L 04039388,8
 L 0010e218,8
 L 040393b8,8
 L 04039ff2,2
 S 0403a16a,2
 L 0010e210,8
 L 04039388,8
 L 0010e218,8
 L 040393c0,8
 L 04039ff4,2
 S 0403a1ba,2
 L 0010e210,8
 L 04039388,8
 L 0010e218,8
 L 040393c8,8
 L 04039ff6,2
 S 0403a20a,2
 L 0010e210,8
 L 04039388,8
 L 0010e218,8
 L 040393d0,8
 L 04039ff8,2
 S 0403a25a,2
 L 0010e210,8
 L 04039388,8
 L 0010e218,8
 L 040393d8,8
 L 04039ffa,2
 S 0403a2aa,2
 L 0010e210,8
 L 04039388,8
 L 0010e218,8
 L 040393e0,8
 L 04039ffc,2
 S 0403a2fa,2
 L 0010e210,8
 L 04039388,8
 L 0010e218,8
 L 040393e8,8
 L 04039ffe,2
 S 0403a34a,2
 L 0010e210,8
 L 04039388,8
 L 0010e218,8
 L 040393f0,8
 L 0403a000,2
 S 0403a39a,2
 L 0010e210,8
 L 04039388,8
 L 0010e218,8
 L 040393f8,8
 L 0403a002,2
 S 0403a3ea,2
 L 0010e210,8
 L 04039388,8
 L 0010e218,8
 L 04039400,8
 L 0403a004,2
 S 0403a43a,2
 L 0010e210,8
 L 04039388,8
 L 0010e218,8
 L 04039408,8
 L 0403a006,2
 S 0403a48a,2
 L 0010e210,8
 L 04039388,8
 L 0010e218,8
 L 04039410,8
 L 0403a008,2
 S 0403a4da,2
 L 0010e210,8
 L 04039388,8
 L 0010e218,8
 L 04039418,8
 L 0403a00a,2
 S 0403a52a,2
 L 0010e210,8
 L 04039388,8
 L 0010e218,8
 L 04039420,8
 L 0403a00c,2
 S 0403a57a,2
 L 0010e210,8
 L 04039388,8
 L 0010e218,8
 L 04039428,8
 L 0403a00e,2
 S 0403a5ca,2
 L 0010e210,8
 L 04039388,8
 L 0010e218,8
 L 04039430,8
 L 0403a010,2
 S 0403a61a,2
 L 0010e210,8
 L 04039388,8
 L 0010e218,8
 L 04039438,8
 L 0403a012,2
 S 0403a66a,2
 L 0010e210,8
 L 04039388,8
 L 0010e218,8
 L 04039440,8
 L 0403a014,2
 S 0403a6ba,2
 L 0010e210,8
 L 04039388,8
 L 0010e218,8
 L 04039448,8
 L 0403a016,2
 S 0403a70a,2
 L 0010e210,8
 L 04039388,8
 L 0010e218,8
 L 04039450,8
 L 0403a018,2
 S 0403a75a,2
 L 0010e210,8
 L 04039388,8
 L 0010e218,8
 L 04039458,8
 L 0403a01a,2
 S 0403a7aa,2
 L 0010e210,8
 L 04039388,8
 L 0010e218,8
 L 04039460,8
 L 0403a01c,2
 S 0403a7fa,2
 L 0010e210,8
 L 04039388,8
 L 0010e218,8
 L 04039468,8
 L 0403a01e,2
 S 0403a84a,2
 L 0010e210,8
 L 04039388,8
 L 0010e218,8
 L 04039470,8
 L 0403a020,2
 S 0403a89a,2
 L 0010e210,8
 L 04039388,8
 L 0010e218,8
 L 04039478,8
 L 0403a022,2
 S 0403a8ea,2
 L 0010e210,8
 L 04039388,8
 L 0010e218,8
 L 04039480,8
 L 0403a024,2
 S 0403a93a,2
 L 0010e210,8
 L 04039388,8
 L 0010e218,8
 L 04039488,8
 L 0403a026,2
 S 0403a98a,2
 L 0010e210,8
 L 04039388,8
 L 0010e218,8
 L 04039490,8
 L 0403a028,2
 S 0403a9da,2
 L 0010e210,8
 L 04039388,8
 L 0010e218,8
 L 04039498,8
 L 0403a02a,2
 S 0403aa2a,2
 L 0010e210,8
 L 04039388,8
 L 0010e218,8
 L 040394a0,8
 L 0403a02c,2
 S 0403aa7a,2
 L 0010e210,8
 L 04039388,8
 L 0010e218,8
 L 040394a8,8
 L 0403a02e,2
 S 0403aaca,2
 L 0010e210,8
 L 04039390,8
 L 0010e218,8
 L 040393b0,8
 L 0403a040,2
 S 0403a11c,2
 L 0010e210,8
 L 04039390,8
 L 0010e218,8
 L 040393b8,8
 L 0403a042,2
 S 0403a16c,2
 L 0010e210,8
 L 04039390,8
 L 0010e218,8
 L 040393c0,8
 L 0403a044,2
 S 0403a1bc,2
 L 0010e210,8
 L 04039390,8
 L 0010e218,8
 L 040393c8,8
 L 0403a046,2
 S 0403a20c,2
 L 0010e210,8
 L 04039390,8
 L 0010e218,8
 L 040393d0,8
 L 0403a048,2
 S 0403a25c,2
 L 0010e210,8
 L 04039390,8
 L 0010e218,8
 L 040393d8,8
 L 0403a04a,2
 S 0403a2ac,2
 L 0010e210,8
 L 04039390,8
 L 0010e218,8
 L 040393e0,8
 L 0403a04c,2
 S 0403a2fc,2
 L 0010e210,8
 L 04039390,8
 L 0010e218,8
 L 040393e8,8
 L 0403a04e,2
 S 0403a34c,2
 L 0010e210,8
 L 04039390,8
 L 0010e218,8
 L 040393f0,8
 L 0403a050,2
 S 0403a39c,2
 L 0010e210,8
 L 04039390,8
 L 0010e218,8
 L 040393f8,8
 L 0403a052,2
 S 0403a3ec,2
 L 0010e210,8
 L 04039390,8
 L 0010e218,8
 L 04039400,8
 L 0403a054,2
 S 0403a43c,2
 L 0010e210,8
 L 04039390,8
 L 0010e218,8
 L 04039408,8
 L 0403a056,2
 S 0403a48c,2
 L 0010e210,8
 L 04039390,8
 L 0010e218,8
 L 04039410,8
 L 0403a058,2
 S 0403a4dc,2
 L 0010e210,8
 L 04039390,8
 L 0010e218,8
 L 04039418,8
 L 0403a05a,2
 S 0403a52c,2
 L 0010e210,8
 L 04039390,8
 L 0010e218,8
 L 04039420,8
 L 0403a05c,2
 S 0403a57c,2
 L 0010e210,8
 L 04039390,8
 L 0010e218,8
 L 04039428,8
 L 0403a05e,2
 S 0403a5cc,2
 L 0010e210,8
 L 04039390,8
 L 0010e218,8
 L 04039430,8
 L 0403a060,2
 S 0403a61c,2
 L 0010e210,8
 L 04039390,8
 L 0010e218,8
 L 04039438,8
 L 0403a062,2
 S 0403a66c,2
 L 0010e210,8
 L 04039390,8
 L 0010e218,8
 L 04039440,8
 L 0403a064,2
 S 0403a6bc,2
 L 0010e210,8
 L 04039390,8
 L 0010e218,8
 L 04039448,8
 L 0403a066,2
 S 0403a70c,2
 L 0010e210,8
 L 04039390,8
 L 0010e218,8
 L 04039450,8
 L 0403a068,2
 S 0403a75c,2
 L 0010e210,8
 L 04039390,8
 L 0010e218,8
 L 04039458,8
 L 0403a06a,2
 S 0403a7ac,2
 L 0010e210,8
 L 04039390,8
 L 0010e218,8
 L 04039460,8
 L 0403a06c,2
 S 0403a7fc,2
 L 0010e210,8
 L 04039390,8
 L 0010e218,8
 L 04039468,8
 L 0403a06e,2
 S 0403a84c,2
 L 0010e210,8
 L 04039390,8
 L 0010e218,8
 L 04039470,8
 L 0403a070,2
 S 0403a89c,2
 L 0010e210,8
 L 04039390,8
 L 0010e218,8
 L 04039478,8
 L 0403a072,2
 S 0403a8ec,2
 L 0010e210,8
 L 04039390,8
 L 0010e218,8
 L 04039480,8
 L 0403a074,2
 S 0403a93c,2
 L 0010e210,8
 L 04039390,8
 L 0010e218,8
 L 04039488,8
 L 0403a076,2
 S 0403a98c,2
 L 0010e210,8
 L 04039390,8
 L 0010e218,8
 L 04039490,8
 L 0403a078,2
 S 0403a9dc,2
 L 0010e210,8
 L 04039390,8
 L 0010e218,8
 L 04039498,8
 L 0403a07a,2
 S 0403aa2c,2
 L 0010e210,8
 L 04039390,8
 L 0010e218,8
 L 040394a0,8
 L 0403a07c,2
 S 0403aa7c,2
 L 0010e210,8
 L 04039390,8
 L 0010e218,8
 L 040394a8,8
 L 0403a07e,2
 S 0403aacc,2
 L 0010e210,8
 L 04039398,8
 L 0010e218,8
 L 040393b0,8
 L 0403a090,2
 S 0403a11e,2
 L 0010e210,8
 L 04039398,8
 L 0010e218,8
 L 040393b8,8
 L 0403a092,2
 S 0403a16e,2
 L 0010e210,8
 L 04039398,8
 L 0010e218,8
 L 040393c0,8
 L 0403a094,2
 S 0403a1be,2
 L 0010e210,8
 L 04039398,8
 L 0010e218,8
 L 040393c8,8
 L 0403a096,2
 S 0403a20e,2
 L 0010e210,8
 L 04039398,8
 L 0010e218,8
 L 040393d0,8
 L 0403a098,2
 S 0403a25e,2
 L 0010e210,8
 L 04039398,8
 L 0010e218,8
 L 040393d8,8
 L 0403a09a,2
 S 0403a2ae,2
 L 0010e210,8
 L 04039398,8
 L 0010e218,8
 L 040393e0,8
 L 0403a09c,2
 S 0403a2fe,2
 L 0010e210,8
 L 04039398,8
 L 0010e218,8
 L 040393e8,8
 L 0403a09e,2
 S 0403a34e,2
 L 0010e210,8
 L 04039398,8
 L 0010e218,8
 L 040393f0,8
 L 0403a0a0,2
 S 0403a39e,2
 L 0010e210,8
 L 04039398,8
 L 0010e218,8
 L 040393f8,8
 L 0403a0a2,2
 S 0403a3ee,2
 L 0010e210,8
 L 04039398,8
 L 0010e218,8
 L 04039400,8
 L 0403a0a4,2
 S 0403a43e,2
 L 0010e210,8
 L 04039398,8
 L 0010e218,8
 L 04039408,8
 L 0403a0a6,2
 S 0403a48e,2
 L 0010e210,8
 L 04039398,8
 L 0010e218,8
 L 04039410,8
 L 0403a0a8,2
 S 0403a4de,2
 L 0010e210,8
 L 04039398,8
 L 0010e218,8
 L 04039418,8
 L 0403a0aa,2
 S 0403a52e,2
 L 0010e210,8
 L 04039398,8
 L 0010e218,8
 L 04039420,8
 L 0403a0ac,2
 S 0403a57e,2
 L 0010e210,8
 L 04039398,8
 L 0010e218,8
 L 04039428,8
 L 0403a0ae,2
 S 0403a5ce,2
 L 0010e210,8
 L 04039398,8
 L 0010e218,8
 L 04039430,8
 L 0403a0b0,2
 S 0403a61e,2
 L 0010e210,8
 L 04039398,8
 L 0010e218,8
 L 04039438,8
 L 0403a0b2,2
 S 0403a66e,2
 L 0010e210,8
 L 04039398,8
 L 0010e218,8
 L 04039440,8
 L 0403a0b4,2
 S 0403a6be,2
 L 0010e210,8
 L 04039398,8
 L 0010e218,8
 L 04039448,8
 L 0403a0b6,2
 S 0403a70e,2
 L 0010e210,8
 L 04039398,8
 L 0010e218,8
 L 04039450,8
 L 0403a0b8,2
 S 0403a75e,2
 L 0010e210,8
 L 04039398,8
 L 0010e218,8
 L 04039458,8
 L 0403a0ba,2
 S 0403a7ae,2
 L 0010e210,8
 L 04039398,8
 L 0010e218,8
 L 04039460,8
 L 0403a0bc,2
 S 0403a7fe,2
 L 0010e210,8
 L 04039398,8
 L 0010e218,8
 L 04039468,8
 L 0403a0be,2
 S 0403a84e,2
 L 0010e210,8
 L 04039398,8
 L 0010e218,8
 L 04039470,8
 L 0403a0c0,2
 S 0403a89e,2
 L 0010e210,8
 L 04039398,8
 L 0010e218,8
 L 04039478,8
 L 0403a0c2,2
 S 0403a8ee,2
 L 0010e210,8
 L 04039398,8
 L 0010e218,8
 L 04039480,8
 L 0403a0c4,2
 S 0403a93e,2
 L 0010e210,8
 L 04039398,8
 L 0010e218,8
 L 04039488,8
 L 0403a0c6,2
 S 0403a98e,2
 L 0010e210,8
 L 04039398,8
 L 0010e218,8
 L 04039490,8
 L 0403a0c8,2
 S 0403a9de,2
 L 0010e210,8
 L 04039398,8
 L 0010e218,8
 L 04039498,8
 L 0403a0ca,2
 S 0403aa2e,2
 L 0010e210,8
 L 04039398,8
 L 0010e218,8
 L 040394a0,8
 L 0403a0cc,2
 S 0403aa7e,2
 L 0010e210,8
 L 04039398,8
 L 0010e218,8
 L 040394a8,8
 L 0403a0ce,2
 S 0403aace,2
 S 0010e251,1
